Log file open, 02/03/20 00:12:27
LogWindows: Failed to load 'aqProf.dll' (GetLastError=126)
LogWindows: File 'aqProf.dll' does not exist
LogWindows: Failed to load 'VtuneApi.dll' (GetLastError=126)
LogWindows: File 'VtuneApi.dll' does not exist
LogWindows: Failed to load 'VtuneApi32e.dll' (GetLastError=126)
LogWindows: File 'VtuneApi32e.dll' does not exist
LogConsoleResponse: Display: Failed to find resolution value strings in scalability ini. Falling back to default.
LogInit: Display: Running engine for game: AA_BP_ProjecteMotors
LogPlatformFile: Not using cached read wrapper
LogTaskGraph: Started task graph with 5 named threads and 23 total threads with 3 sets of task threads.
LogStats: Stats thread started at 0.107221
LogD3D11RHI: Loaded GFSDK_Aftermath_Lib.x64.dll
LogICUInternationalization: ICU TimeZone Detection - Raw Offset: +1:00, Platform Override: ''
LogPluginManager: Mounting plugin Paper2D
LogPluginManager: Mounting plugin AISupport
LogPluginManager: Mounting plugin LightPropagationVolume
LogPluginManager: Mounting plugin ActorLayerUtilities
LogPluginManager: Mounting plugin AnimationSharing
LogPluginManager: Mounting plugin CLionSourceCodeAccess
LogPluginManager: Mounting plugin CodeLiteSourceCodeAccess
LogPluginManager: Mounting plugin GitSourceControl
LogPluginManager: Mounting plugin KDevelopSourceCodeAccess
LogPluginManager: Mounting plugin NullSourceCodeAccess
LogPluginManager: Mounting plugin PerforceSourceControl
LogPluginManager: Mounting plugin PlasticSourceControl
LogPluginManager: Mounting plugin SubversionSourceControl
LogPluginManager: Mounting plugin UObjectPlugin
LogPluginManager: Mounting plugin VisualStudioCodeSourceCodeAccess
LogPluginManager: Mounting plugin VisualStudioSourceCodeAccess
LogPluginManager: Mounting plugin XCodeSourceCodeAccess
LogPluginManager: Mounting plugin AssetManagerEditor
LogPluginManager: Mounting plugin CryptoKeys
LogPluginManager: Mounting plugin CurveEditorTools
LogPluginManager: Mounting plugin DataValidation
LogPluginManager: Mounting plugin FacialAnimation
LogPluginManager: Mounting plugin GameplayTagsEditor
LogPluginManager: Mounting plugin MacGraphicsSwitching
LogPluginManager: Mounting plugin MaterialAnalyzer
LogPluginManager: Mounting plugin MobileLauncherProfileWizard
LogPluginManager: Mounting plugin PluginBrowser
LogPluginManager: Mounting plugin SpeedTreeImporter
LogPluginManager: Mounting plugin DatasmithContent
LogPluginManager: Mounting plugin VariantManagerContent
LogPluginManager: Mounting plugin AlembicImporter
LogPluginManager: Mounting plugin AutomationUtils
LogPluginManager: Mounting plugin BackChannel
LogPluginManager: Mounting plugin CharacterAI
LogPluginManager: Mounting plugin GeometryCache
LogPluginManager: Mounting plugin PlatformCrypto
LogPluginManager: Mounting plugin ProxyLODPlugin
LogPluginManager: Mounting plugin SkeletalReduction
LogPluginManager: Mounting plugin MagicLeap
LogPluginManager: Mounting plugin MagicLeapMedia
LogPluginManager: Mounting plugin MLSDK
LogPluginManager: Mounting plugin AndroidMedia
LogPluginManager: Mounting plugin AvfMedia
LogPluginManager: Mounting plugin ImgMedia
LogPluginManager: Mounting plugin MediaCompositing
LogPluginManager: Mounting plugin MediaPlayerEditor
LogPluginManager: Mounting plugin WebMMedia
LogPluginManager: Mounting plugin WmfMedia
LogPluginManager: Mounting plugin TcpMessaging
LogPluginManager: Mounting plugin UdpMessaging
LogPluginManager: Mounting plugin ActorSequence
LogPluginManager: Mounting plugin LevelSequenceEditor
LogPluginManager: Mounting plugin MatineeToLevelSequence
LogPluginManager: Mounting plugin NetcodeUnitTest
LogPluginManager: Mounting plugin NUTUnrealEngine4
LogPluginManager: Mounting plugin OnlineSubsystemGooglePlay
LogPluginManager: Mounting plugin OnlineSubsystemIOS
LogPluginManager: Mounting plugin OnlineSubsystem
LogPluginManager: Mounting plugin OnlineSubsystemNull
LogPluginManager: Mounting plugin OnlineSubsystemUtils
LogPluginManager: Mounting plugin LauncherChunkInstaller
LogPluginManager: Mounting plugin AndroidDeviceProfileSelector
LogPluginManager: Mounting plugin AndroidMoviePlayer
LogPluginManager: Mounting plugin AndroidPermission
LogPluginManager: Mounting plugin AppleImageUtils
LogPluginManager: Mounting plugin AppleMoviePlayer
LogPluginManager: Mounting plugin ArchVisCharacter
LogPluginManager: Mounting plugin AssetTags
LogPluginManager: Mounting plugin AudioCapture
LogPluginManager: Mounting plugin CableComponent
LogPluginManager: Mounting plugin CustomMeshComponent
LogPluginManager: Mounting plugin EditableMesh
LogPluginManager: Mounting plugin ExampleDeviceProfileSelector
LogPluginManager: Mounting plugin GoogleCloudMessaging
LogPluginManager: Mounting plugin IOSDeviceProfileSelector
LogPluginManager: Mounting plugin LinuxDeviceProfileSelector
LogPluginManager: Mounting plugin LocationServicesBPLibrary
LogPluginManager: Mounting plugin MobilePatchingUtils
LogPluginManager: Mounting plugin OculusVR
LogPluginManager: Mounting plugin PhysXVehicles
LogPluginManager: Mounting plugin PostSplashScreen
LogPluginManager: Mounting plugin ProceduralMeshComponent
LogPluginManager: Mounting plugin RuntimePhysXCooking
LogPluginManager: Mounting plugin SignificanceManager
LogPluginManager: Mounting plugin SteamVR
LogPluginManager: Mounting plugin WebMMoviePlayer
LogPluginManager: Mounting plugin WindowsMoviePlayer
LogPluginManager: Mounting plugin ScreenshotTools
LogInit: Using libcurl 7.55.1-DEV
LogInit:  - built for x86_64-pc-win32
LogInit:  - supports SSL with OpenSSL/1.1.1
LogInit:  - supports HTTP deflate (compression) using libz 1.2.8
LogInit:  - other features:
LogInit:      CURL_VERSION_SSL
LogInit:      CURL_VERSION_LIBZ
LogInit:      CURL_VERSION_IPV6
LogInit:      CURL_VERSION_ASYNCHDNS
LogInit:      CURL_VERSION_LARGEFILE
LogInit:      CURL_VERSION_IDN
LogInit:  CurlRequestOptions (configurable via config and command line):
LogInit:  - bVerifyPeer = true  - Libcurl will verify peer certificate
LogInit:  - bUseHttpProxy = false  - Libcurl will NOT use HTTP proxy
LogInit:  - bDontReuseConnections = false  - Libcurl will reuse connections
LogInit:  - MaxHostConnections = 16  - Libcurl will limit the number of connections to a host
LogInit:  - LocalHostAddr = Default
LogInit:  - BufferSize = 65536
LogOnline: OSS: Creating online subsystem instance for: NULL
LogInit: WinSock: version 1.1 (2.2), MaxSocks=32767, MaxUdp=65467
LogOnline: OSS: TryLoadSubsystemAndSetDefault: Loaded subsystem for module [NULL]
LogInit: Build: ++UE4+Release-4.24-CL-10757647
LogInit: Engine Version: 4.24.1-10757647+++UE4+Release-4.24
LogInit: Compatible Engine Version: 4.24.0-10570792+++UE4+Release-4.24
LogInit: Net CL: 10570792
LogInit: OS: Windows 10 (Release 1903) (), CPU: Intel(R) Core(TM) i7-7700HQ CPU @ 2.80GHz, GPU: Intel(R) HD Graphics 630
LogInit: Compiled (64-bit): Dec 17 2019 02:08:03
LogInit: Compiled with Visual C++: 19.16.27032.01
LogInit: Build Configuration: Development
LogInit: Branch Name: ++UE4+Release-4.24
LogInit: Command Line: 
LogInit: Base Directory: D:/Unreal/UE_4.24/Engine/Binaries/Win64/
LogInit: Installed Engine Build: 1
LogDevObjectVersion: Number of dev versions registered: 25
LogDevObjectVersion:   Dev-Blueprints (B0D832E4-1F89-4F0D-ACCF-7EB736FD4AA2): 10
LogDevObjectVersion:   Dev-Build (E1C64328-A22C-4D53-A36C-8E866417BD8C): 0
LogDevObjectVersion:   Dev-Core (375EC13C-06E4-48FB-B500-84F0262A717E): 3
LogDevObjectVersion:   Dev-Editor (E4B068ED-F494-42E9-A231-DA0B2E46BB41): 37
LogDevObjectVersion:   Dev-Framework (CFFC743F-43B0-4480-9391-14DF171D2073): 36
LogDevObjectVersion:   Dev-Mobile (B02B49B5-BB20-44E9-A304-32B752E40360): 2
LogDevObjectVersion:   Dev-Networking (A4E4105C-59A1-49B5-A7C5-40C4547EDFEE): 0
LogDevObjectVersion:   Dev-Online (39C831C9-5AE6-47DC-9A44-9C173E1C8E7C): 0
LogDevObjectVersion:   Dev-Physics (78F01B33-EBEA-4F98-B9B4-84EACCB95AA2): 2
LogDevObjectVersion:   Dev-Platform (6631380F-2D4D-43E0-8009-CF276956A95A): 0
LogDevObjectVersion:   Dev-Rendering (12F88B9F-8875-4AFC-A67C-D90C383ABD29): 36
LogDevObjectVersion:   Dev-Sequencer (7B5AE74C-D270-4C10-A958-57980B212A5A): 11
LogDevObjectVersion:   Dev-VR (D7296918-1DD6-4BDD-9DE2-64A83CC13884): 2
LogDevObjectVersion:   Dev-LoadTimes (C2A15278-BFE7-4AFE-6C17-90FF531DF755): 1
LogDevObjectVersion:   Private-Geometry (6EACA3D4-40EC-4CC1-B786-8BED09428FC5): 3
LogDevObjectVersion:   Dev-AnimPhys (29E575DD-E0A3-4627-9D10-D276232CDCEA): 17
LogDevObjectVersion:   Dev-Anim (AF43A65D-7FD3-4947-9873-3E8ED9C1BB05): 2
LogDevObjectVersion:   Dev-ReflectionCapture (6B266CEC-1EC7-4B8F-A30B-E4D90942FC07): 1
LogDevObjectVersion:   Dev-Automation (0DF73D61-A23F-47EA-B727-89E90C41499A): 1
LogDevObjectVersion:   FortniteMain (601D1886-AC64-4F84-AA16-D3DE0DEAC7D6): 31
LogDevObjectVersion:   Dev-Enterprise (9DFFBCD6-494F-0158-E221-12823C92A888): 8
LogDevObjectVersion:   Dev-Niagara (F2AED0AC-9AFE-416F-8664-AA7FFA26D6FC): 1
LogDevObjectVersion:   Dev-Destruction (174F1F0B-B4C6-45A5-B13F-2EE8D0FB917D): 9
LogDevObjectVersion:   Dev-Physics-Ext (35F94A83-E258-406C-A318-09F59610247C): 8
LogDevObjectVersion:   Dev-CineCamera (B2E18506-4273-CFC2-A54E-F4BB758BBA07): 1
LogInit: Presizing for max 25165824 objects, including 0 objects not considered by GC, pre-allocating 0 bytes for permanent pool.
LogInit: Object subsystem initialized
LogConfig: Setting CVar [[con.DebugEarlyDefault:1]]
LogConfig: Setting CVar [[r.setres:1280x720]]
[2020.02.02-23.12.27:232][  0]LogConfig: Setting CVar [[r.VSync:0]]
[2020.02.02-23.12.27:232][  0]LogConfig: Setting CVar [[r.RHICmdBypass:0]]
[2020.02.02-23.12.27:232][  0]LogConfig: Applying CVar settings from Section [/Script/Engine.RendererSettings] File [C:/Users/pbrun/OneDrive/Documents/GitHub/unrealmotorsTCM/AA_BP_ProjecteMotors/Saved/Config/Windows/Engine.ini]
[2020.02.02-23.12.27:232][  0]LogConfig: Setting CVar [[r.GPUCrashDebugging:0]]
[2020.02.02-23.12.27:232][  0]LogConfig: Applying CVar settings from Section [/Script/Engine.RendererOverrideSettings] File [C:/Users/pbrun/OneDrive/Documents/GitHub/unrealmotorsTCM/AA_BP_ProjecteMotors/Saved/Config/Windows/Engine.ini]
[2020.02.02-23.12.27:232][  0]LogConfig: Applying CVar settings from Section [/Script/Engine.StreamingSettings] File [C:/Users/pbrun/OneDrive/Documents/GitHub/unrealmotorsTCM/AA_BP_ProjecteMotors/Saved/Config/Windows/Engine.ini]
[2020.02.02-23.12.27:232][  0]LogConfig: Setting CVar [[s.MinBulkDataSizeForAsyncLoading:131072]]
[2020.02.02-23.12.27:232][  0]LogConfig: Setting CVar [[s.AsyncLoadingThreadEnabled:0]]
[2020.02.02-23.12.27:232][  0]LogConfig: Setting CVar [[s.EventDrivenLoaderEnabled:1]]
[2020.02.02-23.12.27:232][  0]LogConfig: Setting CVar [[s.WarnIfTimeLimitExceeded:0]]
[2020.02.02-23.12.27:232][  0]LogConfig: Setting CVar [[s.TimeLimitExceededMultiplier:1.5]]
[2020.02.02-23.12.27:232][  0]LogConfig: Setting CVar [[s.TimeLimitExceededMinTime:0.005]]
[2020.02.02-23.12.27:232][  0]LogConfig: Setting CVar [[s.UseBackgroundLevelStreaming:1]]
[2020.02.02-23.12.27:232][  0]LogConfig: Setting CVar [[s.PriorityAsyncLoadingExtraTime:15.0]]
[2020.02.02-23.12.27:232][  0]LogConfig: Setting CVar [[s.LevelStreamingActorsUpdateTimeLimit:5.0]]
[2020.02.02-23.12.27:232][  0]LogConfig: Setting CVar [[s.PriorityLevelStreamingActorsUpdateExtraTime:5.0]]
[2020.02.02-23.12.27:232][  0]LogConfig: Setting CVar [[s.LevelStreamingComponentsRegistrationGranularity:10]]
[2020.02.02-23.12.27:232][  0]LogConfig: Setting CVar [[s.UnregisterComponentsTimeLimit:1.0]]
[2020.02.02-23.12.27:232][  0]LogConfig: Setting CVar [[s.LevelStreamingComponentsUnregistrationGranularity:5]]
[2020.02.02-23.12.27:232][  0]LogConfig: Setting CVar [[s.FlushStreamingOnExit:1]]
[2020.02.02-23.12.27:232][  0]LogConfig: Applying CVar settings from Section [/Script/Engine.GarbageCollectionSettings] File [C:/Users/pbrun/OneDrive/Documents/GitHub/unrealmotorsTCM/AA_BP_ProjecteMotors/Saved/Config/Windows/Engine.ini]
[2020.02.02-23.12.27:232][  0]LogConfig: Setting CVar [[gc.MaxObjectsNotConsideredByGC:1]]
[2020.02.02-23.12.27:232][  0]LogConfig: Setting CVar [[gc.SizeOfPermanentObjectPool:0]]
[2020.02.02-23.12.27:232][  0]LogConfig: Setting CVar [[gc.FlushStreamingOnGC:0]]
[2020.02.02-23.12.27:232][  0]LogConfig: Setting CVar [[gc.NumRetriesBeforeForcingGC:10]]
[2020.02.02-23.12.27:233][  0]LogConfig: Setting CVar [[gc.AllowParallelGC:1]]
[2020.02.02-23.12.27:233][  0]LogConfig: Setting CVar [[gc.TimeBetweenPurgingPendingKillObjects:61.1]]
[2020.02.02-23.12.27:233][  0]LogConfig: Setting CVar [[gc.MaxObjectsInEditor:25165824]]
[2020.02.02-23.12.27:233][  0]LogConfig: Setting CVar [[gc.IncrementalBeginDestroyEnabled:1]]
[2020.02.02-23.12.27:233][  0]LogConfig: Setting CVar [[gc.CreateGCClusters:1]]
[2020.02.02-23.12.27:233][  0]LogConfig: Setting CVar [[gc.MinGCClusterSize:5]]
[2020.02.02-23.12.27:233][  0]LogConfig: Setting CVar [[gc.ActorClusteringEnabled:0]]
[2020.02.02-23.12.27:233][  0]LogConfig: Setting CVar [[gc.BlueprintClusteringEnabled:0]]
[2020.02.02-23.12.27:233][  0]LogConfig: Setting CVar [[gc.UseDisregardForGCOnDedicatedServers:0]]
[2020.02.02-23.12.27:233][  0]LogConfig: Applying CVar settings from Section [/Script/Engine.NetworkSettings] File [C:/Users/pbrun/OneDrive/Documents/GitHub/unrealmotorsTCM/AA_BP_ProjecteMotors/Saved/Config/Windows/Engine.ini]
[2020.02.02-23.12.27:233][  0]LogConfig: Applying CVar settings from Section [/Script/UnrealEd.CookerSettings] File [C:/Users/pbrun/OneDrive/Documents/GitHub/unrealmotorsTCM/AA_BP_ProjecteMotors/Saved/Config/Windows/Engine.ini]
[2020.02.02-23.12.27:236][  0]LogConfig: Applying CVar settings from Section [ViewDistanceQuality@3] File [C:/Users/pbrun/OneDrive/Documents/GitHub/unrealmotorsTCM/AA_BP_ProjecteMotors/Saved/Config/Windows/Scalability.ini]
[2020.02.02-23.12.27:237][  0]LogConfig: Setting CVar [[r.SkeletalMeshLODBias:0]]
[2020.02.02-23.12.27:237][  0]LogConfig: Setting CVar [[r.ViewDistanceScale:1.0]]
[2020.02.02-23.12.27:237][  0]LogConfig: Applying CVar settings from Section [AntiAliasingQuality@3] File [C:/Users/pbrun/OneDrive/Documents/GitHub/unrealmotorsTCM/AA_BP_ProjecteMotors/Saved/Config/Windows/Scalability.ini]
[2020.02.02-23.12.27:237][  0]LogConfig: Setting CVar [[r.PostProcessAAQuality:4]]
[2020.02.02-23.12.27:237][  0]LogConfig: Applying CVar settings from Section [ShadowQuality@3] File [C:/Users/pbrun/OneDrive/Documents/GitHub/unrealmotorsTCM/AA_BP_ProjecteMotors/Saved/Config/Windows/Scalability.ini]
[2020.02.02-23.12.27:237][  0]LogConfig: Setting CVar [[r.LightFunctionQuality:1]]
[2020.02.02-23.12.27:237][  0]LogConfig: Setting CVar [[r.ShadowQuality:5]]
[2020.02.02-23.12.27:237][  0]LogConfig: Setting CVar [[r.Shadow.CSM.MaxCascades:10]]
[2020.02.02-23.12.27:237][  0]LogConfig: Setting CVar [[r.Shadow.MaxResolution:2048]]
[2020.02.02-23.12.27:237][  0]LogConfig: Setting CVar [[r.Shadow.MaxCSMResolution:2048]]
[2020.02.02-23.12.27:237][  0]LogConfig: Setting CVar [[r.Shadow.RadiusThreshold:0.01]]
[2020.02.02-23.12.27:237][  0]LogConfig: Setting CVar [[r.Shadow.DistanceScale:1.0]]
[2020.02.02-23.12.27:237][  0]LogConfig: Setting CVar [[r.Shadow.CSM.TransitionScale:1.0]]
[2020.02.02-23.12.27:237][  0]LogConfig: Setting CVar [[r.Shadow.PreShadowResolutionFactor:1.0]]
[2020.02.02-23.12.27:237][  0]LogConfig: Setting CVar [[r.DistanceFieldShadowing:1]]
[2020.02.02-23.12.27:237][  0]LogConfig: Setting CVar [[r.DistanceFieldAO:1]]
[2020.02.02-23.12.27:237][  0]LogConfig: Setting CVar [[r.AOQuality:2]]
[2020.02.02-23.12.27:237][  0]LogConfig: Setting CVar [[r.VolumetricFog:1]]
[2020.02.02-23.12.27:237][  0]LogConfig: Setting CVar [[r.VolumetricFog.GridPixelSize:8]]
[2020.02.02-23.12.27:237][  0]LogConfig: Setting CVar [[r.VolumetricFog.GridSizeZ:128]]
[2020.02.02-23.12.27:237][  0]LogConfig: Setting CVar [[r.VolumetricFog.HistoryMissSupersampleCount:4]]
[2020.02.02-23.12.27:237][  0]LogConfig: Setting CVar [[r.LightMaxDrawDistanceScale:1]]
[2020.02.02-23.12.27:237][  0]LogConfig: Setting CVar [[r.CapsuleShadows:1]]
[2020.02.02-23.12.27:237][  0]LogConfig: Applying CVar settings from Section [PostProcessQuality@3] File [C:/Users/pbrun/OneDrive/Documents/GitHub/unrealmotorsTCM/AA_BP_ProjecteMotors/Saved/Config/Windows/Scalability.ini]
[2020.02.02-23.12.27:237][  0]LogConfig: Setting CVar [[r.MotionBlurQuality:4]]
[2020.02.02-23.12.27:237][  0]LogConfig: Setting CVar [[r.AmbientOcclusionMipLevelFactor:0.4]]
[2020.02.02-23.12.27:237][  0]LogConfig: Setting CVar [[r.AmbientOcclusionMaxQuality:100]]
[2020.02.02-23.12.27:237][  0]LogConfig: Setting CVar [[r.AmbientOcclusionLevels:-1]]
[2020.02.02-23.12.27:237][  0]LogConfig: Setting CVar [[r.AmbientOcclusionRadiusScale:1.0]]
[2020.02.02-23.12.27:237][  0]LogConfig: Setting CVar [[r.DepthOfFieldQuality:2]]
[2020.02.02-23.12.27:237][  0]LogConfig: Setting CVar [[r.RenderTargetPoolMin:400]]
[2020.02.02-23.12.27:237][  0]LogConfig: Setting CVar [[r.LensFlareQuality:2]]
[2020.02.02-23.12.27:237][  0]LogConfig: Setting CVar [[r.SceneColorFringeQuality:1]]
[2020.02.02-23.12.27:237][  0]LogConfig: Setting CVar [[r.EyeAdaptationQuality:2]]
[2020.02.02-23.12.27:237][  0]LogConfig: Setting CVar [[r.BloomQuality:5]]
[2020.02.02-23.12.27:237][  0]LogConfig: Setting CVar [[r.FastBlurThreshold:100]]
[2020.02.02-23.12.27:237][  0]LogConfig: Setting CVar [[r.Upscale.Quality:3]]
[2020.02.02-23.12.27:237][  0]LogConfig: Setting CVar [[r.Tonemapper.GrainQuantization:1]]
[2020.02.02-23.12.27:237][  0]LogConfig: Setting CVar [[r.LightShaftQuality:1]]
[2020.02.02-23.12.27:237][  0]LogConfig: Setting CVar [[r.Filter.SizeScale:1]]
[2020.02.02-23.12.27:237][  0]LogConfig: Setting CVar [[r.Tonemapper.Quality:5]]
[2020.02.02-23.12.27:237][  0]LogConfig: Setting CVar [[r.DOF.Gather.AccumulatorQuality:1        ; higher gathering accumulator quality]]
[2020.02.02-23.12.27:237][  0]LogConfig: Setting CVar [[r.DOF.Gather.PostfilterMethod:1          ; Median3x3 postfilering method]]
[2020.02.02-23.12.27:237][  0]LogConfig: Setting CVar [[r.DOF.Gather.EnableBokehSettings:0       ; no bokeh simulation when gathering]]
[2020.02.02-23.12.27:237][  0]LogConfig: Setting CVar [[r.DOF.Gather.RingCount:4                 ; medium number of samples when gathering]]
[2020.02.02-23.12.27:237][  0]LogConfig: Setting CVar [[r.DOF.Scatter.ForegroundCompositing:1    ; additive foreground scattering]]
[2020.02.02-23.12.27:237][  0]LogConfig: Setting CVar [[r.DOF.Scatter.BackgroundCompositing:2    ; additive background scattering]]
[2020.02.02-23.12.27:237][  0]LogConfig: Setting CVar [[r.DOF.Scatter.EnableBokehSettings:1      ; bokeh simulation when scattering]]
[2020.02.02-23.12.27:237][  0]LogConfig: Setting CVar [[r.DOF.Scatter.MaxSpriteRatio:0.1         ; only a maximum of 10% of scattered bokeh]]
[2020.02.02-23.12.27:237][  0]LogConfig: Setting CVar [[r.DOF.Recombine.Quality:1                ; cheap slight out of focus]]
[2020.02.02-23.12.27:237][  0]LogConfig: Setting CVar [[r.DOF.Recombine.EnableBokehSettings:0    ; no bokeh simulation on slight out of focus]]
[2020.02.02-23.12.27:237][  0]LogConfig: Setting CVar [[r.DOF.TemporalAAQuality:1                ; more stable temporal accumulation]]
[2020.02.02-23.12.27:237][  0]LogConfig: Setting CVar [[r.DOF.Kernel.MaxForegroundRadius:0.025]]
[2020.02.02-23.12.27:237][  0]LogConfig: Setting CVar [[r.DOF.Kernel.MaxBackgroundRadius:0.025]]
[2020.02.02-23.12.27:237][  0]LogConfig: Applying CVar settings from Section [TextureQuality@3] File [C:/Users/pbrun/OneDrive/Documents/GitHub/unrealmotorsTCM/AA_BP_ProjecteMotors/Saved/Config/Windows/Scalability.ini]
[2020.02.02-23.12.27:238][  0]LogConfig: Setting CVar [[r.Streaming.MipBias:0]]
[2020.02.02-23.12.27:238][  0]LogConfig: Setting CVar [[r.Streaming.AmortizeCPUToGPUCopy:0]]
[2020.02.02-23.12.27:238][  0]LogConfig: Setting CVar [[r.Streaming.MaxNumTexturesToStreamPerFrame:0]]
[2020.02.02-23.12.27:238][  0]LogConfig: Setting CVar [[r.Streaming.Boost:1]]
[2020.02.02-23.12.27:238][  0]LogConfig: Setting CVar [[r.MaxAnisotropy:8]]
[2020.02.02-23.12.27:238][  0]LogConfig: Setting CVar [[r.VT.MaxAnisotropy:8]]
[2020.02.02-23.12.27:238][  0]LogConfig: Setting CVar [[r.Streaming.LimitPoolSizeToVRAM:0]]
[2020.02.02-23.12.27:238][  0]LogConfig: Setting CVar [[r.Streaming.PoolSize:1000]]
[2020.02.02-23.12.27:238][  0]LogConfig: Setting CVar [[r.Streaming.MaxEffectiveScreenSize:0]]
[2020.02.02-23.12.27:238][  0]LogConfig: Applying CVar settings from Section [EffectsQuality@3] File [C:/Users/pbrun/OneDrive/Documents/GitHub/unrealmotorsTCM/AA_BP_ProjecteMotors/Saved/Config/Windows/Scalability.ini]
[2020.02.02-23.12.27:238][  0]LogConfig: Setting CVar [[r.TranslucencyLightingVolumeDim:64]]
[2020.02.02-23.12.27:238][  0]LogConfig: Setting CVar [[r.RefractionQuality:2]]
[2020.02.02-23.12.27:238][  0]LogConfig: Setting CVar [[r.SSR.Quality:3]]
[2020.02.02-23.12.27:238][  0]LogConfig: Setting CVar [[r.SSR.HalfResSceneColor:0]]
[2020.02.02-23.12.27:238][  0]LogConfig: Setting CVar [[r.SceneColorFormat:4]]
[2020.02.02-23.12.27:238][  0]LogConfig: Setting CVar [[r.DetailMode:2]]
[2020.02.02-23.12.27:238][  0]LogConfig: Setting CVar [[r.TranslucencyVolumeBlur:1]]
[2020.02.02-23.12.27:238][  0]LogConfig: Setting CVar [[r.MaterialQualityLevel:1 ; High quality]]
[2020.02.02-23.12.27:238][  0]LogConfig: Setting CVar [[r.SSS.Scale:1]]
[2020.02.02-23.12.27:238][  0]LogConfig: Setting CVar [[r.SSS.SampleSet:2]]
[2020.02.02-23.12.27:238][  0]LogConfig: Setting CVar [[r.SSS.Quality:1]]
[2020.02.02-23.12.27:238][  0]LogConfig: Setting CVar [[r.SSS.HalfRes:1]]
[2020.02.02-23.12.27:238][  0]LogConfig: Setting CVar [[r.SSGI.Quality:3]]
[2020.02.02-23.12.27:238][  0]LogConfig: Setting CVar [[r.EmitterSpawnRateScale:1.0]]
[2020.02.02-23.12.27:238][  0]LogConfig: Setting CVar [[r.ParticleLightQuality:2]]
[2020.02.02-23.12.27:238][  0]LogConfig: Setting CVar [[r.SkyAtmosphere.AerialPerspectiveLUT.FastApplyOnOpaque:1 ; Always have FastSkyLUT 1 in this case to avoid wrong sky]]
[2020.02.02-23.12.27:238][  0]LogConfig: Setting CVar [[r.SkyAtmosphere.AerialPerspectiveLUT.SampleCountPerSlice:1]]
[2020.02.02-23.12.27:238][  0]LogConfig: Setting CVar [[r.SkyAtmosphere.AerialPerspectiveLUT.DepthResolution:16.0]]
[2020.02.02-23.12.27:238][  0]LogConfig: Setting CVar [[r.SkyAtmosphere.FastSkyLUT:1]]
[2020.02.02-23.12.27:238][  0]LogConfig: Setting CVar [[r.SkyAtmosphere.FastSkyLUT.SampleCountMin:4.0]]
[2020.02.02-23.12.27:238][  0]LogConfig: Setting CVar [[r.SkyAtmosphere.FastSkyLUT.SampleCountMax:32.0]]
[2020.02.02-23.12.27:238][  0]LogConfig: Setting CVar [[r.SkyAtmosphere.SampleCountMin:4.0]]
[2020.02.02-23.12.27:238][  0]LogConfig: Setting CVar [[r.SkyAtmosphere.SampleCountMax:32.0]]
[2020.02.02-23.12.27:238][  0]LogConfig: Setting CVar [[r.SkyAtmosphere.TransmittanceLUT.UseSmallFormat:0]]
[2020.02.02-23.12.27:238][  0]LogConfig: Setting CVar [[r.SkyAtmosphere.TransmittanceLUT.SampleCount:10.0]]
[2020.02.02-23.12.27:238][  0]LogConfig: Setting CVar [[r.SkyAtmosphere.MultiScatteringLUT.SampleCount:15.0]]
[2020.02.02-23.12.27:238][  0]LogConfig: Applying CVar settings from Section [FoliageQuality@3] File [C:/Users/pbrun/OneDrive/Documents/GitHub/unrealmotorsTCM/AA_BP_ProjecteMotors/Saved/Config/Windows/Scalability.ini]
[2020.02.02-23.12.27:238][  0]LogConfig: Setting CVar [[foliage.DensityScale:1.0]]
[2020.02.02-23.12.27:238][  0]LogConfig: Setting CVar [[grass.DensityScale:1.0]]
[2020.02.02-23.12.27:238][  0]LogConfig: Applying CVar settings from Section [ShadingQuality@3] File [C:/Users/pbrun/OneDrive/Documents/GitHub/unrealmotorsTCM/AA_BP_ProjecteMotors/Saved/Config/Windows/Scalability.ini]
[2020.02.02-23.12.27:238][  0]LogConfig: Setting CVar [[r.HairStrands.SkyLighting.SampleCount:16]]
[2020.02.02-23.12.27:238][  0]LogConfig: Setting CVar [[r.HairStrands.SkyLighting.JitterIntegration:0]]
[2020.02.02-23.12.27:238][  0]LogConfig: Setting CVar [[r.HairStrands.SkyAO.SampleCount:16]]
[2020.02.02-23.12.27:238][  0]LogInit: Selected Device Profile: [Windows]
[2020.02.02-23.12.27:238][  0]LogInit: Applying CVar settings loaded from the selected device profile: [Windows]
[2020.02.02-23.12.27:241][  0]LogHAL: Display: Platform has ~ 16 GB [17093816320 / 17179869184 / 16], which maps to Larger [LargestMinGB=32, LargerMinGB=12, DefaultMinGB=8, SmallerMinGB=6, SmallestMinGB=0)
[2020.02.02-23.12.27:241][  0]LogInit: Going up to parent DeviceProfile []
[2020.02.02-23.12.27:241][  0]LogConfig: Applying CVar settings from Section [ViewDistanceQuality@3] File [C:/Users/pbrun/OneDrive/Documents/GitHub/unrealmotorsTCM/AA_BP_ProjecteMotors/Saved/Config/Windows/Scalability.ini]
[2020.02.02-23.12.27:241][  0]LogConfig: Setting CVar [[r.SkeletalMeshLODBias:0]]
[2020.02.02-23.12.27:241][  0]LogConfig: Setting CVar [[r.ViewDistanceScale:1.0]]
[2020.02.02-23.12.27:241][  0]LogConfig: Applying CVar settings from Section [AntiAliasingQuality@3] File [C:/Users/pbrun/OneDrive/Documents/GitHub/unrealmotorsTCM/AA_BP_ProjecteMotors/Saved/Config/Windows/Scalability.ini]
[2020.02.02-23.12.27:241][  0]LogConfig: Setting CVar [[r.PostProcessAAQuality:4]]
[2020.02.02-23.12.27:241][  0]LogConfig: Applying CVar settings from Section [ShadowQuality@3] File [C:/Users/pbrun/OneDrive/Documents/GitHub/unrealmotorsTCM/AA_BP_ProjecteMotors/Saved/Config/Windows/Scalability.ini]
[2020.02.02-23.12.27:241][  0]LogConfig: Setting CVar [[r.LightFunctionQuality:1]]
[2020.02.02-23.12.27:241][  0]LogConfig: Setting CVar [[r.ShadowQuality:5]]
[2020.02.02-23.12.27:241][  0]LogConfig: Setting CVar [[r.Shadow.CSM.MaxCascades:10]]
[2020.02.02-23.12.27:241][  0]LogConfig: Setting CVar [[r.Shadow.MaxResolution:2048]]
[2020.02.02-23.12.27:241][  0]LogConfig: Setting CVar [[r.Shadow.MaxCSMResolution:2048]]
[2020.02.02-23.12.27:241][  0]LogConfig: Setting CVar [[r.Shadow.RadiusThreshold:0.01]]
[2020.02.02-23.12.27:241][  0]LogConfig: Setting CVar [[r.Shadow.DistanceScale:1.0]]
[2020.02.02-23.12.27:241][  0]LogConfig: Setting CVar [[r.Shadow.CSM.TransitionScale:1.0]]
[2020.02.02-23.12.27:241][  0]LogConfig: Setting CVar [[r.Shadow.PreShadowResolutionFactor:1.0]]
[2020.02.02-23.12.27:241][  0]LogConfig: Setting CVar [[r.DistanceFieldShadowing:1]]
[2020.02.02-23.12.27:241][  0]LogConfig: Setting CVar [[r.DistanceFieldAO:1]]
[2020.02.02-23.12.27:241][  0]LogConfig: Setting CVar [[r.AOQuality:2]]
[2020.02.02-23.12.27:241][  0]LogConfig: Setting CVar [[r.VolumetricFog:1]]
[2020.02.02-23.12.27:242][  0]LogConfig: Setting CVar [[r.VolumetricFog.GridPixelSize:8]]
[2020.02.02-23.12.27:242][  0]LogConfig: Setting CVar [[r.VolumetricFog.GridSizeZ:128]]
[2020.02.02-23.12.27:242][  0]LogConfig: Setting CVar [[r.VolumetricFog.HistoryMissSupersampleCount:4]]
[2020.02.02-23.12.27:242][  0]LogConfig: Setting CVar [[r.LightMaxDrawDistanceScale:1]]
[2020.02.02-23.12.27:242][  0]LogConfig: Setting CVar [[r.CapsuleShadows:1]]
[2020.02.02-23.12.27:242][  0]LogConfig: Applying CVar settings from Section [PostProcessQuality@3] File [C:/Users/pbrun/OneDrive/Documents/GitHub/unrealmotorsTCM/AA_BP_ProjecteMotors/Saved/Config/Windows/Scalability.ini]
[2020.02.02-23.12.27:242][  0]LogConfig: Setting CVar [[r.MotionBlurQuality:4]]
[2020.02.02-23.12.27:242][  0]LogConfig: Setting CVar [[r.AmbientOcclusionMipLevelFactor:0.4]]
[2020.02.02-23.12.27:242][  0]LogConfig: Setting CVar [[r.AmbientOcclusionMaxQuality:100]]
[2020.02.02-23.12.27:242][  0]LogConfig: Setting CVar [[r.AmbientOcclusionLevels:-1]]
[2020.02.02-23.12.27:242][  0]LogConfig: Setting CVar [[r.AmbientOcclusionRadiusScale:1.0]]
[2020.02.02-23.12.27:242][  0]LogConfig: Setting CVar [[r.DepthOfFieldQuality:2]]
[2020.02.02-23.12.27:242][  0]LogConfig: Setting CVar [[r.RenderTargetPoolMin:400]]
[2020.02.02-23.12.27:242][  0]LogConfig: Setting CVar [[r.LensFlareQuality:2]]
[2020.02.02-23.12.27:242][  0]LogConfig: Setting CVar [[r.SceneColorFringeQuality:1]]
[2020.02.02-23.12.27:242][  0]LogConfig: Setting CVar [[r.EyeAdaptationQuality:2]]
[2020.02.02-23.12.27:242][  0]LogConfig: Setting CVar [[r.BloomQuality:5]]
[2020.02.02-23.12.27:242][  0]LogConfig: Setting CVar [[r.FastBlurThreshold:100]]
[2020.02.02-23.12.27:242][  0]LogConfig: Setting CVar [[r.Upscale.Quality:3]]
[2020.02.02-23.12.27:242][  0]LogConfig: Setting CVar [[r.Tonemapper.GrainQuantization:1]]
[2020.02.02-23.12.27:242][  0]LogConfig: Setting CVar [[r.LightShaftQuality:1]]
[2020.02.02-23.12.27:242][  0]LogConfig: Setting CVar [[r.Filter.SizeScale:1]]
[2020.02.02-23.12.27:242][  0]LogConfig: Setting CVar [[r.Tonemapper.Quality:5]]
[2020.02.02-23.12.27:242][  0]LogConfig: Setting CVar [[r.DOF.Gather.AccumulatorQuality:1        ; higher gathering accumulator quality]]
[2020.02.02-23.12.27:242][  0]LogConfig: Setting CVar [[r.DOF.Gather.PostfilterMethod:1          ; Median3x3 postfilering method]]
[2020.02.02-23.12.27:242][  0]LogConfig: Setting CVar [[r.DOF.Gather.EnableBokehSettings:0       ; no bokeh simulation when gathering]]
[2020.02.02-23.12.27:242][  0]LogConfig: Setting CVar [[r.DOF.Gather.RingCount:4                 ; medium number of samples when gathering]]
[2020.02.02-23.12.27:242][  0]LogConfig: Setting CVar [[r.DOF.Scatter.ForegroundCompositing:1    ; additive foreground scattering]]
[2020.02.02-23.12.27:242][  0]LogConfig: Setting CVar [[r.DOF.Scatter.BackgroundCompositing:2    ; additive background scattering]]
[2020.02.02-23.12.27:242][  0]LogConfig: Setting CVar [[r.DOF.Scatter.EnableBokehSettings:1      ; bokeh simulation when scattering]]
[2020.02.02-23.12.27:242][  0]LogConfig: Setting CVar [[r.DOF.Scatter.MaxSpriteRatio:0.1         ; only a maximum of 10% of scattered bokeh]]
[2020.02.02-23.12.27:242][  0]LogConfig: Setting CVar [[r.DOF.Recombine.Quality:1                ; cheap slight out of focus]]
[2020.02.02-23.12.27:242][  0]LogConfig: Setting CVar [[r.DOF.Recombine.EnableBokehSettings:0    ; no bokeh simulation on slight out of focus]]
[2020.02.02-23.12.27:242][  0]LogConfig: Setting CVar [[r.DOF.TemporalAAQuality:1                ; more stable temporal accumulation]]
[2020.02.02-23.12.27:242][  0]LogConfig: Setting CVar [[r.DOF.Kernel.MaxForegroundRadius:0.025]]
[2020.02.02-23.12.27:242][  0]LogConfig: Setting CVar [[r.DOF.Kernel.MaxBackgroundRadius:0.025]]
[2020.02.02-23.12.27:242][  0]LogConfig: Applying CVar settings from Section [TextureQuality@3] File [C:/Users/pbrun/OneDrive/Documents/GitHub/unrealmotorsTCM/AA_BP_ProjecteMotors/Saved/Config/Windows/Scalability.ini]
[2020.02.02-23.12.27:242][  0]LogConfig: Setting CVar [[r.Streaming.MipBias:0]]
[2020.02.02-23.12.27:242][  0]LogConfig: Setting CVar [[r.Streaming.AmortizeCPUToGPUCopy:0]]
[2020.02.02-23.12.27:242][  0]LogConfig: Setting CVar [[r.Streaming.MaxNumTexturesToStreamPerFrame:0]]
[2020.02.02-23.12.27:242][  0]LogConfig: Setting CVar [[r.Streaming.Boost:1]]
[2020.02.02-23.12.27:242][  0]LogConfig: Setting CVar [[r.MaxAnisotropy:8]]
[2020.02.02-23.12.27:242][  0]LogConfig: Setting CVar [[r.VT.MaxAnisotropy:8]]
[2020.02.02-23.12.27:242][  0]LogConfig: Setting CVar [[r.Streaming.LimitPoolSizeToVRAM:0]]
[2020.02.02-23.12.27:242][  0]LogConfig: Setting CVar [[r.Streaming.PoolSize:1000]]
[2020.02.02-23.12.27:242][  0]LogConfig: Setting CVar [[r.Streaming.MaxEffectiveScreenSize:0]]
[2020.02.02-23.12.27:242][  0]LogConfig: Applying CVar settings from Section [EffectsQuality@3] File [C:/Users/pbrun/OneDrive/Documents/GitHub/unrealmotorsTCM/AA_BP_ProjecteMotors/Saved/Config/Windows/Scalability.ini]
[2020.02.02-23.12.27:242][  0]LogConfig: Setting CVar [[r.TranslucencyLightingVolumeDim:64]]
[2020.02.02-23.12.27:242][  0]LogConfig: Setting CVar [[r.RefractionQuality:2]]
[2020.02.02-23.12.27:242][  0]LogConfig: Setting CVar [[r.SSR.Quality:3]]
[2020.02.02-23.12.27:242][  0]LogConfig: Setting CVar [[r.SSR.HalfResSceneColor:0]]
[2020.02.02-23.12.27:242][  0]LogConfig: Setting CVar [[r.SceneColorFormat:4]]
[2020.02.02-23.12.27:242][  0]LogConfig: Setting CVar [[r.DetailMode:2]]
[2020.02.02-23.12.27:242][  0]LogConfig: Setting CVar [[r.TranslucencyVolumeBlur:1]]
[2020.02.02-23.12.27:242][  0]LogConfig: Setting CVar [[r.MaterialQualityLevel:1 ; High quality]]
[2020.02.02-23.12.27:242][  0]LogConfig: Setting CVar [[r.SSS.Scale:1]]
[2020.02.02-23.12.27:242][  0]LogConfig: Setting CVar [[r.SSS.SampleSet:2]]
[2020.02.02-23.12.27:243][  0]LogConfig: Setting CVar [[r.SSS.Quality:1]]
[2020.02.02-23.12.27:243][  0]LogConfig: Setting CVar [[r.SSS.HalfRes:1]]
[2020.02.02-23.12.27:243][  0]LogConfig: Setting CVar [[r.SSGI.Quality:3]]
[2020.02.02-23.12.27:243][  0]LogConfig: Setting CVar [[r.EmitterSpawnRateScale:1.0]]
[2020.02.02-23.12.27:243][  0]LogConfig: Setting CVar [[r.ParticleLightQuality:2]]
[2020.02.02-23.12.27:243][  0]LogConfig: Setting CVar [[r.SkyAtmosphere.AerialPerspectiveLUT.FastApplyOnOpaque:1 ; Always have FastSkyLUT 1 in this case to avoid wrong sky]]
[2020.02.02-23.12.27:243][  0]LogConfig: Setting CVar [[r.SkyAtmosphere.AerialPerspectiveLUT.SampleCountPerSlice:1]]
[2020.02.02-23.12.27:243][  0]LogConfig: Setting CVar [[r.SkyAtmosphere.AerialPerspectiveLUT.DepthResolution:16.0]]
[2020.02.02-23.12.27:243][  0]LogConfig: Setting CVar [[r.SkyAtmosphere.FastSkyLUT:1]]
[2020.02.02-23.12.27:243][  0]LogConfig: Setting CVar [[r.SkyAtmosphere.FastSkyLUT.SampleCountMin:4.0]]
[2020.02.02-23.12.27:243][  0]LogConfig: Setting CVar [[r.SkyAtmosphere.FastSkyLUT.SampleCountMax:32.0]]
[2020.02.02-23.12.27:243][  0]LogConfig: Setting CVar [[r.SkyAtmosphere.SampleCountMin:4.0]]
[2020.02.02-23.12.27:243][  0]LogConfig: Setting CVar [[r.SkyAtmosphere.SampleCountMax:32.0]]
[2020.02.02-23.12.27:243][  0]LogConfig: Setting CVar [[r.SkyAtmosphere.TransmittanceLUT.UseSmallFormat:0]]
[2020.02.02-23.12.27:243][  0]LogConfig: Setting CVar [[r.SkyAtmosphere.TransmittanceLUT.SampleCount:10.0]]
[2020.02.02-23.12.27:243][  0]LogConfig: Setting CVar [[r.SkyAtmosphere.MultiScatteringLUT.SampleCount:15.0]]
[2020.02.02-23.12.27:243][  0]LogConfig: Applying CVar settings from Section [FoliageQuality@3] File [C:/Users/pbrun/OneDrive/Documents/GitHub/unrealmotorsTCM/AA_BP_ProjecteMotors/Saved/Config/Windows/Scalability.ini]
[2020.02.02-23.12.27:243][  0]LogConfig: Setting CVar [[foliage.DensityScale:1.0]]
[2020.02.02-23.12.27:243][  0]LogConfig: Setting CVar [[grass.DensityScale:1.0]]
[2020.02.02-23.12.27:243][  0]LogConfig: Applying CVar settings from Section [ShadingQuality@3] File [C:/Users/pbrun/OneDrive/Documents/GitHub/unrealmotorsTCM/AA_BP_ProjecteMotors/Saved/Config/Windows/Scalability.ini]
[2020.02.02-23.12.27:243][  0]LogConfig: Setting CVar [[r.HairStrands.SkyLighting.SampleCount:16]]
[2020.02.02-23.12.27:243][  0]LogConfig: Setting CVar [[r.HairStrands.SkyLighting.JitterIntegration:0]]
[2020.02.02-23.12.27:243][  0]LogConfig: Setting CVar [[r.HairStrands.SkyAO.SampleCount:16]]
[2020.02.02-23.12.27:243][  0]LogConfig: Applying CVar settings from Section [Startup] File [../../../Engine/Config/ConsoleVariables.ini]
[2020.02.02-23.12.27:243][  0]LogConfig: Setting CVar [[net.UseAdaptiveNetUpdateFrequency:0]]
[2020.02.02-23.12.27:243][  0]LogConfig: Setting CVar [[p.chaos.AllowCreatePhysxBodies:1]]
[2020.02.02-23.12.27:243][  0]LogConfig: Applying CVar settings from Section [ConsoleVariables] File [C:/Users/pbrun/OneDrive/Documents/GitHub/unrealmotorsTCM/AA_BP_ProjecteMotors/Saved/Config/Windows/Engine.ini]
[2020.02.02-23.12.27:243][  0]LogInit: Computer: DESKTOP-8UIVGIH
[2020.02.02-23.12.27:243][  0]LogInit: User: pbrun
[2020.02.02-23.12.27:243][  0]LogInit: CPU Page size=4096, Cores=4
[2020.02.02-23.12.27:243][  0]LogInit: High frequency timer resolution =10.000000 MHz
[2020.02.02-23.12.27:244][  0]LogMemory: Memory total: Physical=15.9GB (16GB approx)
[2020.02.02-23.12.27:244][  0]LogMemory: Platform Memory Stats for Windows
[2020.02.02-23.12.27:244][  0]LogMemory: Process Physical Memory: 105.26 MB used, 105.26 MB peak
[2020.02.02-23.12.27:244][  0]LogMemory: Process Virtual Memory: 100.63 MB used, 100.63 MB peak
[2020.02.02-23.12.27:244][  0]LogMemory: Physical Memory: 8953.10 MB used,  7348.83 MB free, 16301.93 MB total
[2020.02.02-23.12.27:244][  0]LogMemory: Virtual Memory: 5103.58 MB used,  134212624.00 MB free, 134217728.00 MB total
[2020.02.02-23.12.27:254][  0]LogWindows: WindowsPlatformFeatures enabled
[2020.02.02-23.12.27:279][  0]LogInit: Overriding language with editor language configuration option (en).
[2020.02.02-23.12.27:279][  0]LogInit: Overriding locale with editor locale configuration option (en).
[2020.02.02-23.12.27:474][  0]LogInit: Setting process to per monitor DPI aware
[2020.02.02-23.12.27:531][  0]LogSlate: New Slate User Created.  User Index 0, Is Virtual User: 0
[2020.02.02-23.12.27:531][  0]LogSlate: Slate User Registered.  User Index 0, Is Virtual User: 0
[2020.02.02-23.12.27:771][  0]LogHMD: Failed to initialize OpenVR with code 110
[2020.02.02-23.12.27:771][  0]LogD3D11RHI: D3D11 min allowed feature level: 11_0
[2020.02.02-23.12.27:771][  0]LogD3D11RHI: D3D11 max allowed feature level: 11_0
[2020.02.02-23.12.27:771][  0]LogD3D11RHI: D3D11 adapters:
[2020.02.02-23.12.27:852][  0]LogD3D11RHI:    0. 'NVIDIA GeForce GTX 1050 Ti' (Feature Level 11_0)
[2020.02.02-23.12.27:852][  0]LogD3D11RHI:       4021/0/8150 MB DedicatedVideo/DedicatedSystem/SharedSystem, Outputs:1, VendorId:0x10de
[2020.02.02-23.12.27:871][  0]LogD3D11RHI:    1. 'Intel(R) HD Graphics 630' (Feature Level 11_0)
[2020.02.02-23.12.27:871][  0]LogD3D11RHI:       128/0/8150 MB DedicatedVideo/DedicatedSystem/SharedSystem, Outputs:0, VendorId:0x8086
[2020.02.02-23.12.27:873][  0]LogD3D11RHI:    2. 'Microsoft Basic Render Driver' (Feature Level 11_0)
[2020.02.02-23.12.27:874][  0]LogD3D11RHI:       0/0/8150 MB DedicatedVideo/DedicatedSystem/SharedSystem, Outputs:0, VendorId:0x1414
[2020.02.02-23.12.27:874][  0]LogD3D11RHI: Chosen D3D11 Adapter: 0
[2020.02.02-23.12.27:927][  0]LogD3D11RHI: Creating new Direct3DDevice
[2020.02.02-23.12.27:927][  0]LogD3D11RHI:     GPU DeviceId: 0x1c8c (for the marketing name, search the web for "GPU Device Id")
[2020.02.02-23.12.27:927][  0]LogWindows: EnumDisplayDevices:
[2020.02.02-23.12.27:927][  0]LogWindows:    0. 'Intel(R) HD Graphics 630' (P:1 D:1)
[2020.02.02-23.12.27:928][  0]LogWindows:    1. 'Intel(R) HD Graphics 630' (P:0 D:0)
[2020.02.02-23.12.27:928][  0]LogWindows:    2. 'Intel(R) HD Graphics 630' (P:0 D:0)
[2020.02.02-23.12.27:929][  0]LogWindows: DebugString: PrimaryIsNotTheChoosenAdapter PrimaryIsNotTheChoosenAdapter PrimaryIsNotTheChoosenAdapter FoundDriverCount:0 
[2020.02.02-23.12.27:929][  0]LogD3D11RHI:     Adapter Name: NVIDIA GeForce GTX 1050 Ti
[2020.02.02-23.12.27:929][  0]LogD3D11RHI:   Driver Version: Unknown (internal:Unknown, unified:Unknown)
[2020.02.02-23.12.27:929][  0]LogD3D11RHI:      Driver Date: Unknown
[2020.02.02-23.12.27:929][  0]LogRHI: Texture pool is 2814 MB (70% of 4021 MB)
[2020.02.02-23.12.27:972][  0]LogD3D11RHI: RHI has support for 64 bit atomics
[2020.02.02-23.12.27:972][  0]LogD3D11RHI: Async texture creation enabled
[2020.02.02-23.12.28:003][  0]LogD3D11RHI: GPU Timing Frequency: 1000.000000 (Debug: 2 2)
[2020.02.02-23.12.28:388][  0]LogTargetPlatformManager: Display: Loaded TargetPlatform 'AllDesktop'
[2020.02.02-23.12.28:422][  0]LogTargetPlatformManager: Display: Loaded TargetPlatform 'Android'
[2020.02.02-23.12.28:422][  0]LogTargetPlatformManager: Display: Loaded TargetPlatform 'Android_ASTC'
[2020.02.02-23.12.28:422][  0]LogTargetPlatformManager: Display: Loaded TargetPlatform 'Android_ATC'
[2020.02.02-23.12.28:422][  0]LogTargetPlatformManager: Display: Loaded TargetPlatform 'Android_DXT'
[2020.02.02-23.12.28:422][  0]LogTargetPlatformManager: Display: Loaded TargetPlatform 'Android_ETC1'
[2020.02.02-23.12.28:422][  0]LogTargetPlatformManager: Display: Loaded TargetPlatform 'Android_ETC1a'
[2020.02.02-23.12.28:422][  0]LogTargetPlatformManager: Display: Loaded TargetPlatform 'Android_ETC2'
[2020.02.02-23.12.28:422][  0]LogTargetPlatformManager: Display: Loaded TargetPlatform 'Android_PVRTC'
[2020.02.02-23.12.28:422][  0]LogTargetPlatformManager: Display: Loaded TargetPlatform 'AndroidClient'
[2020.02.02-23.12.28:422][  0]LogTargetPlatformManager: Display: Loaded TargetPlatform 'Android_ASTCClient'
[2020.02.02-23.12.28:422][  0]LogTargetPlatformManager: Display: Loaded TargetPlatform 'Android_ATCClient'
[2020.02.02-23.12.28:422][  0]LogTargetPlatformManager: Display: Loaded TargetPlatform 'Android_DXTClient'
[2020.02.02-23.12.28:422][  0]LogTargetPlatformManager: Display: Loaded TargetPlatform 'Android_ETC1Client'
[2020.02.02-23.12.28:422][  0]LogTargetPlatformManager: Display: Loaded TargetPlatform 'Android_ETC1aClient'
[2020.02.02-23.12.28:422][  0]LogTargetPlatformManager: Display: Loaded TargetPlatform 'Android_ETC2Client'
[2020.02.02-23.12.28:422][  0]LogTargetPlatformManager: Display: Loaded TargetPlatform 'Android_PVRTCClient'
[2020.02.02-23.12.28:422][  0]LogTargetPlatformManager: Display: Loaded TargetPlatform 'Android_Multi'
[2020.02.02-23.12.28:422][  0]LogTargetPlatformManager: Display: Loaded TargetPlatform 'Android_MultiClient'
[2020.02.02-23.12.28:441][  0]LogTargetPlatformManager: Display: Loaded TargetPlatform 'IOSClient'
[2020.02.02-23.12.28:441][  0]LogTargetPlatformManager: Display: Loaded TargetPlatform 'IOS'
[2020.02.02-23.12.28:451][  0]LogTargetPlatformManager: Display: Loaded TargetPlatform 'LinuxNoEditor'
[2020.02.02-23.12.28:459][  0]LogTargetPlatformManager: Display: Loaded TargetPlatform 'LinuxClient'
[2020.02.02-23.12.28:466][  0]LogTargetPlatformManager: Display: Loaded TargetPlatform 'LinuxServer'
[2020.02.02-23.12.28:474][  0]LogTargetPlatformManager: Display: Loaded TargetPlatform 'LinuxAArch64NoEditor'
[2020.02.02-23.12.28:482][  0]LogTargetPlatformManager: Display: Loaded TargetPlatform 'LinuxAArch64Client'
[2020.02.02-23.12.28:489][  0]LogTargetPlatformManager: Display: Loaded TargetPlatform 'LinuxAArch64Server'
[2020.02.02-23.12.28:516][  0]LogTargetPlatformManager: Display: Loaded TargetPlatform 'Lumin'
[2020.02.02-23.12.28:516][  0]LogTargetPlatformManager: Display: Loaded TargetPlatform 'LuminClient'
[2020.02.02-23.12.28:531][  0]LogTargetPlatformManager: Display: Loaded TargetPlatform 'TVOSClient'
[2020.02.02-23.12.28:531][  0]LogTargetPlatformManager: Display: Loaded TargetPlatform 'TVOS'
[2020.02.02-23.12.28:539][  0]LogTargetPlatformManager: Display: Loaded TargetPlatform 'WindowsNoEditor'
[2020.02.02-23.12.28:547][  0]LogTargetPlatformManager: Display: Loaded TargetPlatform 'Windows'
[2020.02.02-23.12.28:555][  0]LogTargetPlatformManager: Display: Loaded TargetPlatform 'WindowsClient'
[2020.02.02-23.12.28:563][  0]LogTargetPlatformManager: Display: Loaded TargetPlatform 'WindowsServer'
[2020.02.02-23.12.28:563][  0]LogTargetPlatformManager: Display: Building Assets For Windows
[2020.02.02-23.12.28:566][  0]LogAudioDebug: Display: Lib vorbis DLL was dynamically loaded.
[2020.02.02-23.12.28:589][  0]LogShaderCompilers: Guid format shader working directory is -32 characters bigger than the processId version (C:/Users/pbrun/OneDrive/Documents/GitHub/unrealmotorsTCM/AA_BP_ProjecteMotors/Intermediate/Shaders/WorkingDirectory/17388/).
[2020.02.02-23.12.28:589][  0]LogShaderCompilers: Cleaned the shader compiler working directory 'C:/Users/pbrun/AppData/Local/Temp/UnrealShaderWorkingDir/EC122D6E43B0188C08BABCAF6E6C4555/'.
[2020.02.02-23.12.28:590][  0]LogXGEController: Cannot use XGE Controller as Incredibuild is not installed on this machine.
[2020.02.02-23.12.28:590][  0]LogShaderCompilers: Cannot use XGE Shader Compiler as Incredibuild is not installed on this machine.
[2020.02.02-23.12.28:590][  0]LogShaderCompilers: Display: Using Local Shader Compiler.
[2020.02.02-23.12.29:433][  0]LogDerivedDataCache: Display: Max Cache Size: 512 MB
[2020.02.02-23.12.29:495][  0]LogDerivedDataCache: Loaded boot cache 0.06s 78MB C:/Users/pbrun/AppData/Local/UnrealEngine/4.24/DerivedDataCache/Boot.ddc.
[2020.02.02-23.12.29:495][  0]LogDerivedDataCache: Display: Loaded Boot cache: C:/Users/pbrun/AppData/Local/UnrealEngine/4.24/DerivedDataCache/Boot.ddc
[2020.02.02-23.12.29:495][  0]LogDerivedDataCache: FDerivedDataBackendGraph:  Pak pak cache file C:/Users/pbrun/OneDrive/Documents/GitHub/unrealmotorsTCM/AA_BP_ProjecteMotors/DerivedDataCache/DDC.ddp not found, will not use a pak cache.
[2020.02.02-23.12.29:495][  0]LogDerivedDataCache: Unable to find inner node Pak for hierarchical cache Hierarchy.
[2020.02.02-23.12.29:495][  0]LogDerivedDataCache: FDerivedDataBackendGraph:  CompressedPak pak cache file C:/Users/pbrun/OneDrive/Documents/GitHub/unrealmotorsTCM/AA_BP_ProjecteMotors/DerivedDataCache/Compressed.ddp not found, will not use a pak cache.
[2020.02.02-23.12.29:495][  0]LogDerivedDataCache: Unable to find inner node CompressedPak for hierarchical cache Hierarchy.
[2020.02.02-23.12.29:506][  0]LogDerivedDataCache: Display: Pak cache opened for reading ../../../Engine/DerivedDataCache/Compressed.ddp.
[2020.02.02-23.12.29:506][  0]LogDerivedDataCache: FDerivedDataBackendGraph:  EnterprisePak pak cache file ../../../Enterprise/DerivedDataCache/Compressed.ddp not found, will not use a pak cache.
[2020.02.02-23.12.29:506][  0]LogDerivedDataCache: Unable to find inner node EnterprisePak for hierarchical cache Hierarchy.
[2020.02.02-23.12.29:507][  0]LogDerivedDataCache: Using Local data cache path C:/Users/pbrun/AppData/Local/UnrealEngine/Common/DerivedDataCache: Writable
[2020.02.02-23.12.29:507][  0]LogDerivedDataCache: Shared data cache path not found in *engine.ini, will not use an Shared cache.
[2020.02.02-23.12.29:507][  0]LogDerivedDataCache: Unable to find inner node Shared for hierarchical cache Hierarchy.
[2020.02.02-23.12.29:537][  0]LogMaterial: Verifying Global Shaders for PCD3D_SM5
[2020.02.02-23.12.29:540][  0]LogSlate: Using FreeType 2.10.0
[2020.02.02-23.12.29:540][  0]LogSlate: SlateFontServices - WITH_FREETYPE: 1, WITH_HARFBUZZ: 1
[2020.02.02-23.12.29:600][  0]LogAssetRegistry: FAssetRegistry took 0.0025 seconds to start up
[2020.02.02-23.12.29:945][  0]LogInit: Selected Device Profile: [Windows]
[2020.02.02-23.12.30:115][  0]LogMeshReduction: Using QuadricMeshReduction for automatic static mesh reduction
[2020.02.02-23.12.30:115][  0]LogMeshReduction: Using SimplygonMeshReduction for automatic skeletal mesh reduction
[2020.02.02-23.12.30:115][  0]LogMeshReduction: Using ProxyLODMeshReduction for automatic mesh merging
[2020.02.02-23.12.30:115][  0]LogMeshReduction: No distributed automatic mesh merging module available
[2020.02.02-23.12.30:115][  0]LogMeshMerging: No distributed automatic mesh merging module available
[2020.02.02-23.12.30:130][  0]LogNetVersion: AA_BP_ProjecteMotors 1.0.0, NetCL: 10570792, EngineNetVer: 13, GameNetVer: 0 (Checksum: 1737032004)
[2020.02.02-23.12.31:328][  0]LogPackageLocalizationCache: Processed 10 localized package path(s) for 1 prioritized culture(s) in 0.040831 seconds
[2020.02.02-23.12.31:336][  0]LogUObjectArray: 46750 objects as part of root set at end of initial load.
[2020.02.02-23.12.31:336][  0]LogUObjectAllocator: 8137160 out of 0 bytes used by permanent object pool.
[2020.02.02-23.12.31:336][  0]LogUObjectArray: CloseDisregardForGC: 0/0 objects in disregard for GC pool
[2020.02.02-23.12.31:739][  0]LogTcpMessaging: Initializing TcpMessaging bridge
[2020.02.02-23.12.31:742][  0]LogUdpMessaging: Initializing bridge on interface 0.0.0.0:0 to multicast group 230.0.0.1:6666.
[2020.02.02-23.12.31:789][  0]SourceControl: Source control is disabled
[2020.02.02-23.12.31:789][  0]SourceControl: Source control is disabled
[2020.02.02-23.12.31:790][  0]SourceControl: Source control is disabled
[2020.02.02-23.12.31:790][  0]SourceControl: Source control is disabled
[2020.02.02-23.12.31:791][  0]SourceControl: Source control is disabled
[2020.02.02-23.12.31:872][  0]LogAndroidPermission: UAndroidPermissionCallbackProxy::GetInstance
[2020.02.02-23.12.31:882][  0]LogAudioCaptureCore: Display: No Audio Capture implementations found. Audio input will be silent.
[2020.02.02-23.12.31:882][  0]LogAudioCaptureCore: Display: No Audio Capture implementations found. Audio input will be silent.
[2020.02.02-23.12.31:971][  0]LogOcInput: OculusInput pre-init called
[2020.02.02-23.12.31:978][  0]LogWindows: Failed to load 'OVRPlugin.dll' (GetLastError=126)
[2020.02.02-23.12.31:978][  0]LogWindows: File 'OVRPlugin.dll' does not exist
[2020.02.02-23.12.32:048][  0]LogEngine: Initializing Engine...
[2020.02.02-23.12.32:049][  0]LogHMD: Failed to initialize OpenVR with code 110
[2020.02.02-23.12.32:050][  0]LogStats: UGameplayTagsManager::InitializeManager -  0.000 s
[2020.02.02-23.12.32:416][  0]LogInit: Initializing FReadOnlyCVARCache
[2020.02.02-23.12.32:424][  0]LogAIModule: Creating AISystem for world Untitled
[2020.02.02-23.12.32:495][  0]LogAudioMixer: Display: Audio Mixer Platform Settings:
[2020.02.02-23.12.32:495][  0]LogAudioMixer: Display: 	Sample Rate:						  48000
[2020.02.02-23.12.32:495][  0]LogAudioMixer: Display: 	Callback Buffer Frame Size Requested: 1024
[2020.02.02-23.12.32:496][  0]LogAudioMixer: Display: 	Callback Buffer Frame Size To Use:	  1024
[2020.02.02-23.12.32:496][  0]LogAudioMixer: Display: 	Number of buffers to queue:			  2
[2020.02.02-23.12.32:496][  0]LogAudioMixer: Display: 	Max Channels (voices):				  32
[2020.02.02-23.12.32:496][  0]LogAudioMixer: Display: 	Number of Async Source Workers:		  0
[2020.02.02-23.12.32:496][  0]LogAudio: Display: AudioDevice MaxSources: 32
[2020.02.02-23.12.32:496][  0]LogAudio: Display: Using built-in audio occlusion.
[2020.02.02-23.12.32:496][  0]LogAudioMixer: Display: Initializing audio mixer.
[2020.02.02-23.12.32:525][  0]LogAudioMixer: Display: Audio Device Output Speaker Info:
[2020.02.02-23.12.32:525][  0]LogAudioMixer: Display: Name: Altavoces (Realtek High Definition Audio)
[2020.02.02-23.12.32:525][  0]LogAudioMixer: Display: Is Default: Yes
[2020.02.02-23.12.32:525][  0]LogAudioMixer: Display: Sample Rate: 44100
[2020.02.02-23.12.32:525][  0]LogAudioMixer: Display: Channel Count Used: 2
[2020.02.02-23.12.32:525][  0]LogAudioMixer: Display: Device Channel Count: 2
[2020.02.02-23.12.32:525][  0]LogAudioMixer: Display: Channel Order:
[2020.02.02-23.12.32:525][  0]LogAudioMixer: Display: 0: FrontLeft
[2020.02.02-23.12.32:525][  0]LogAudioMixer: Display: 1: FrontRight
[2020.02.02-23.12.32:676][  0]LogAudioMixer: Display: Using Audio Device Altavoces (Realtek High Definition Audio)
[2020.02.02-23.12.32:682][  0]LogInit: FAudioDevice initialized.
[2020.02.02-23.12.32:682][  0]LogNetVersion: Set ProjectVersion to 1.0.0.0. Version Checksum will be recalculated on next use.
[2020.02.02-23.12.32:788][  0]LogDerivedDataCache: Saved boot cache 0.11s 78MB C:/Users/pbrun/AppData/Local/UnrealEngine/4.24/DerivedDataCache/Boot.ddc.
[2020.02.02-23.12.32:788][  0]LogInit: Texture streaming: Enabled
[2020.02.02-23.12.32:802][  0]LogEngineSessionManager: EngineSessionManager initialized
[2020.02.02-23.12.32:802][  0]LogEditorSessionSummary: Verbose: Initializing EditorSessionSummaryWriter for editor session tracking
[2020.02.02-23.12.32:812][  0]LogEditorSessionSummary: EditorSessionSummaryWriter initialized
[2020.02.02-23.12.32:842][  0]LogInit: Transaction tracking system initialized
[2020.02.02-23.12.32:851][  0]BlueprintLog: New page: Editor Load
[2020.02.02-23.12.32:886][  0]LocalizationService: Localization service is disabled
[2020.02.02-23.12.33:170][  0]LogCook: Display: Max memory allowance for cook 16384mb min free memory 0mb
[2020.02.02-23.12.33:170][  0]LogCook: Display: Mobile HDR setting 1
[2020.02.02-23.12.33:254][  0]LogFileCache: Scanning file cache for directory 'C:/Users/pbrun/OneDrive/Documents/GitHub/unrealmotorsTCM/AA_BP_ProjecteMotors/Content/' took 0.02s
[2020.02.02-23.12.33:935][  0]SourceControl: Source control is disabled
[2020.02.02-23.12.33:936][  0]Cmd: MAP LOAD FILE="C:/Users/pbrun/OneDrive/Documents/GitHub/unrealmotorsTCM/AA_BP_ProjecteMotors/Content/ThirdPersonBP/Maps/ThirdPersonExampleMap.umap" TEMPLATE=0 SHOWPROGRESS=1 FEATURELEVEL=3
[2020.02.02-23.12.33:937][  0]LightingResults: New page: Lighting Build
[2020.02.02-23.12.33:938][  0]LogWorld: UWorld::CleanupWorld for Untitled, bSessionEnded=true, bCleanupResources=true
[2020.02.02-23.12.33:938][  0]LogSlate: InvalidateAllWidgets triggered.  All widgets were invalidated
[2020.02.02-23.12.33:938][  0]MapCheck: New page: Map Check
[2020.02.02-23.12.33:938][  0]LightingResults: New page: Lighting Build
[2020.02.02-23.12.33:965][  0]LogUObjectHash: Compacting FUObjectHashTables data took   1.58ms
[2020.02.02-23.12.34:412][  0]LogAIModule: Creating AISystem for world ThirdPersonExampleMap
[2020.02.02-23.12.34:427][  0]LogEditorServer: Finished looking for orphan Actors (0.000 secs)
[2020.02.02-23.12.34:462][  0]LogUObjectHash: Compacting FUObjectHashTables data took   3.04ms
[2020.02.02-23.12.34:463][  0]Cmd: MAP CHECKDEP NOCLEARLOG
[2020.02.02-23.12.34:463][  0]MapCheck: Map check complete: 0 Error(s), 0 Warning(s), took 0.153ms to complete.
[2020.02.02-23.12.34:463][  0]LogFileHelpers: Loading map 'ThirdPersonExampleMap' took 0.527
[2020.02.02-23.12.34:647][  0]LogSlate: Updating window title bar state: overlay mode, drag disabled, window buttons hidden, title bar hidden
[2020.02.02-23.12.34:659][  0]LogSlate: Updating window title bar state: overlay mode, drag disabled, window buttons hidden, title bar hidden
[2020.02.02-23.12.34:668][  0]LogSlate: Updating window title bar state: overlay mode, drag disabled, window buttons hidden, title bar hidden
[2020.02.02-23.12.34:677][  0]LogSlate: Updating window title bar state: overlay mode, drag disabled, window buttons hidden, title bar hidden
[2020.02.02-23.12.34:686][  0]LogCollectionManager: Loaded 0 collections in 0.001760 seconds
[2020.02.02-23.12.34:699][  0]LogFileCache: Scanning file cache for directory 'C:/Users/pbrun/OneDrive/Documents/GitHub/unrealmotorsTCM/AA_BP_ProjecteMotors/Saved/Collections/' took 0.00s
[2020.02.02-23.12.34:700][  0]LogFileCache: Scanning file cache for directory 'C:/Users/pbrun/OneDrive/Documents/GitHub/unrealmotorsTCM/AA_BP_ProjecteMotors/Content/Developers/pbrun/Collections/' took 0.00s
[2020.02.02-23.12.34:700][  0]LogFileCache: Scanning file cache for directory 'C:/Users/pbrun/OneDrive/Documents/GitHub/unrealmotorsTCM/AA_BP_ProjecteMotors/Content/Collections/' took 0.00s
[2020.02.02-23.12.34:700][  0]LogContentBrowser: Native class hierarchy populated in 0.0088 seconds. Added 3017 classes and 720 folders.
[2020.02.02-23.12.34:702][  0]LogContentBrowser: Native class hierarchy updated for 'WidgetCarousel' in 0.0002 seconds. Added 0 classes and 0 folders.
[2020.02.02-23.12.34:786][  0]LogContentBrowser: Native class hierarchy updated for 'AddContentDialog' in 0.0003 seconds. Added 0 classes and 0 folders.
[2020.02.02-23.12.36:412][  0]LogSlate: Took 0.000549 seconds to synchronously load lazily loaded font '../../../Engine/Content/Slate/Fonts/Roboto-Regular.ttf' (155K)
[2020.02.02-23.12.36:419][  0]LogSlate: Took 0.000243 seconds to synchronously load lazily loaded font '../../../Engine/Content/Slate/Fonts/Roboto-Bold.ttf' (160K)
[2020.02.02-23.12.36:423][  0]LogSlate: Took 0.000213 seconds to synchronously load lazily loaded font '../../../Engine/Content/Editor/Slate/Fonts/FontAwesome.ttf' (139K)
[2020.02.02-23.12.36:541][  0]LogRenderer: Reallocating scene render targets to support 892x448 Format 10 NumSamples 1 (Frame:1).
[2020.02.02-23.12.36:785][  0]LogContentBrowser: Native class hierarchy updated for 'HierarchicalLODOutliner' in 0.0003 seconds. Added 0 classes and 0 folders.
[2020.02.02-23.12.36:786][  0]LogLoad: (Engine Initialization) Total time: 11.62 seconds
[2020.02.02-23.12.36:786][  0]LogLoad: (Engine Initialization) Total Blueprint compile time: 0.00 seconds
[2020.02.02-23.12.36:933][  0]LogContentStreaming: Texture pool size now 1000 MB
[2020.02.02-23.12.36:956][  0]LogSlate: Took 0.000182 seconds to synchronously load lazily loaded font '../../../Engine/Content/Slate/Fonts/Roboto-Light.ttf' (167K)
[2020.02.02-23.12.36:968][  1]LogFileCache: Retrieving MD5 hashes for directory 'C:/Users/pbrun/OneDrive/Documents/GitHub/unrealmotorsTCM/AA_BP_ProjecteMotors/Content/' took 0.16s
[2020.02.02-23.12.36:988][  1]LogAssetRegistry: Asset discovery search completed in 7.3893 seconds
[2020.02.02-23.12.36:994][  1]LogCollectionManager: Fixed up redirectors for 0 collections in 0.000008 seconds (updated 0 objects)
[2020.02.02-23.12.39:843][133]LogSlate: Took 0.000210 seconds to synchronously load lazily loaded font '../../../Engine/Content/Slate/Fonts/Roboto-Light.ttf' (167K)
[2020.02.02-23.12.44:055][316]AssetReimport: New page: Detailed File System Changes from 12:12:44 AM
[2020.02.02-23.12.44:120][316]AssetReimport: 'C:/Users/pbrun/OneDrive/Documents/GitHub/unrealmotorsTCM/AA_BP_ProjecteMotors/Content/Models/Buildings/building.obj' has been created.
[2020.02.02-23.12.44:120][316]AssetReimport: 'C:/Users/pbrun/OneDrive/Documents/GitHub/unrealmotorsTCM/AA_BP_ProjecteMotors/Content/Models/Buildings/texteur/AC.jpg' has been created.
[2020.02.02-23.12.44:120][316]AssetReimport: 'C:/Users/pbrun/OneDrive/Documents/GitHub/unrealmotorsTCM/AA_BP_ProjecteMotors/Content/Models/Buildings/texteur/brack.jpg' has been created.
[2020.02.02-23.12.44:120][316]AssetReimport: 'C:/Users/pbrun/OneDrive/Documents/GitHub/unrealmotorsTCM/AA_BP_ProjecteMotors/Content/Models/Buildings/texteur/brackNM.jpg' has been created.
[2020.02.02-23.12.44:120][316]AssetReimport: 'C:/Users/pbrun/OneDrive/Documents/GitHub/unrealmotorsTCM/AA_BP_ProjecteMotors/Content/Models/Buildings/texteur/door.png' has been created.
[2020.02.02-23.12.44:120][316]AssetReimport: 'C:/Users/pbrun/OneDrive/Documents/GitHub/unrealmotorsTCM/AA_BP_ProjecteMotors/Content/Models/Buildings/texteur/door2.png' has been created.
[2020.02.02-23.12.44:120][316]AssetReimport: 'C:/Users/pbrun/OneDrive/Documents/GitHub/unrealmotorsTCM/AA_BP_ProjecteMotors/Content/Models/Buildings/texteur/iron.jpg' has been created.
[2020.02.02-23.12.44:120][316]AssetReimport: 'C:/Users/pbrun/OneDrive/Documents/GitHub/unrealmotorsTCM/AA_BP_ProjecteMotors/Content/Models/Buildings/texteur/store.png' has been created.
[2020.02.02-23.12.44:120][316]AssetReimport: 'C:/Users/pbrun/OneDrive/Documents/GitHub/unrealmotorsTCM/AA_BP_ProjecteMotors/Content/Models/Buildings/texteur/storeNM.png' has been created.
[2020.02.02-23.12.44:120][316]AssetReimport: 'C:/Users/pbrun/OneDrive/Documents/GitHub/unrealmotorsTCM/AA_BP_ProjecteMotors/Content/Models/Buildings/texteur/top.jpg' has been created.
[2020.02.02-23.12.44:120][316]AssetReimport: 'C:/Users/pbrun/OneDrive/Documents/GitHub/unrealmotorsTCM/AA_BP_ProjecteMotors/Content/Models/Buildings/texteur/topNM.jpg' has been created.
[2020.02.02-23.12.44:120][316]AssetReimport: 'C:/Users/pbrun/OneDrive/Documents/GitHub/unrealmotorsTCM/AA_BP_ProjecteMotors/Content/Models/Buildings/texteur/w2.png' has been created.
[2020.02.02-23.12.44:120][316]AssetReimport: 'C:/Users/pbrun/OneDrive/Documents/GitHub/unrealmotorsTCM/AA_BP_ProjecteMotors/Content/Models/Buildings/texteur/w2NM.png' has been created.
[2020.02.02-23.12.44:120][316]AssetReimport: 'C:/Users/pbrun/OneDrive/Documents/GitHub/unrealmotorsTCM/AA_BP_ProjecteMotors/Content/Models/Buildings/texteur/wf.jpg' has been created.
[2020.02.02-23.12.44:120][316]AssetReimport: 'C:/Users/pbrun/OneDrive/Documents/GitHub/unrealmotorsTCM/AA_BP_ProjecteMotors/Content/Models/Buildings/texteur/window1.jpg' has been created.
[2020.02.02-23.12.44:120][316]AssetReimport: 'C:/Users/pbrun/OneDrive/Documents/GitHub/unrealmotorsTCM/AA_BP_ProjecteMotors/Content/Models/Buildings/texteur/window2.png' has been created.
[2020.02.02-23.12.44:120][316]AssetReimport: 'C:/Users/pbrun/OneDrive/Documents/GitHub/unrealmotorsTCM/AA_BP_ProjecteMotors/Content/Models/Buildings/texteur/window3.png' has been created.
[2020.02.02-23.12.49:433][525]AssetReimport: New page: Outstanding source content changes 1:12:49 AM
[2020.02.02-23.12.49:650][525]LogEditorFactories: Performing atomic reimport of [C:/Users/pbrun/OneDrive/Documents/GitHub/unrealmotorsTCM/AA_BP_ProjecteMotors/Content/Models/Buildings/building.obj]
[2020.02.02-23.12.49:685][525]LogFbx: Loading FBX Scene from C:/Users/pbrun/OneDrive/Documents/GitHub/unrealmotorsTCM/AA_BP_ProjecteMotors/Content/Models/Buildings/building.obj
[2020.02.02-23.12.49:752][525]LogFbx: FBX Scene Loaded Succesfully
[2020.02.02-23.12.49:967][525]LogStaticMesh: Building static mesh building...
[2020.02.02-23.12.50:035][525]LogStaticMesh: Built static mesh [0.07s] /Game/Models/Buildings/building.building
[2020.02.02-23.12.50:071][525]LogEditorFactories: -- imported successfully
[2020.02.02-23.12.50:252][526]LogEditorFactories: Performing atomic reimport of [C:/Users/pbrun/OneDrive/Documents/GitHub/unrealmotorsTCM/AA_BP_ProjecteMotors/Content/Models/Buildings/texteur/AC.jpg]
[2020.02.02-23.12.50:260][526]LogFactory: FactoryCreateFile: Texture2D with ReimportTextureFactory (0 0 C:/Users/pbrun/OneDrive/Documents/GitHub/unrealmotorsTCM/AA_BP_ProjecteMotors/Content/Models/Buildings/texteur/AC.jpg)
[2020.02.02-23.12.50:546][526]LogEditorFactories: -- imported successfully
[2020.02.02-23.12.50:643][527]LogEditorFactories: Performing atomic reimport of [C:/Users/pbrun/OneDrive/Documents/GitHub/unrealmotorsTCM/AA_BP_ProjecteMotors/Content/Models/Buildings/texteur/brack.jpg]
[2020.02.02-23.12.50:657][527]LogFactory: FactoryCreateFile: Texture2D with ReimportTextureFactory (0 0 C:/Users/pbrun/OneDrive/Documents/GitHub/unrealmotorsTCM/AA_BP_ProjecteMotors/Content/Models/Buildings/texteur/brack.jpg)
[2020.02.02-23.12.59:375][527]LogEditorFactories: -- imported successfully
[2020.02.02-23.12.59:503][528]LogEditorFactories: Performing atomic reimport of [C:/Users/pbrun/OneDrive/Documents/GitHub/unrealmotorsTCM/AA_BP_ProjecteMotors/Content/Models/Buildings/texteur/brackNM.jpg]
[2020.02.02-23.12.59:511][528]LogFactory: FactoryCreateFile: Texture2D with ReimportTextureFactory (0 0 C:/Users/pbrun/OneDrive/Documents/GitHub/unrealmotorsTCM/AA_BP_ProjecteMotors/Content/Models/Buildings/texteur/brackNM.jpg)
[2020.02.02-23.12.59:734][528]LogEditorFactories: -- imported successfully
[2020.02.02-23.12.59:779][529]LogEditorFactories: Performing atomic reimport of [C:/Users/pbrun/OneDrive/Documents/GitHub/unrealmotorsTCM/AA_BP_ProjecteMotors/Content/Models/Buildings/texteur/door.png]
[2020.02.02-23.12.59:781][529]LogFactory: FactoryCreateFile: Texture2D with ReimportTextureFactory (0 0 C:/Users/pbrun/OneDrive/Documents/GitHub/unrealmotorsTCM/AA_BP_ProjecteMotors/Content/Models/Buildings/texteur/door.png)
[2020.02.02-23.12.59:843][529]LogEditorFactories: -- imported successfully
[2020.02.02-23.12.59:861][530]LogEditorFactories: Performing atomic reimport of [C:/Users/pbrun/OneDrive/Documents/GitHub/unrealmotorsTCM/AA_BP_ProjecteMotors/Content/Models/Buildings/texteur/door2.png]
[2020.02.02-23.12.59:862][530]LogFactory: FactoryCreateFile: Texture2D with ReimportTextureFactory (0 0 C:/Users/pbrun/OneDrive/Documents/GitHub/unrealmotorsTCM/AA_BP_ProjecteMotors/Content/Models/Buildings/texteur/door2.png)
[2020.02.02-23.12.59:880][530]LogEditorFactories: -- imported successfully
[2020.02.02-23.12.59:910][531]LogEditorFactories: Performing atomic reimport of [C:/Users/pbrun/OneDrive/Documents/GitHub/unrealmotorsTCM/AA_BP_ProjecteMotors/Content/Models/Buildings/texteur/iron.jpg]
[2020.02.02-23.12.59:910][531]LogFactory: FactoryCreateFile: Texture2D with ReimportTextureFactory (0 0 C:/Users/pbrun/OneDrive/Documents/GitHub/unrealmotorsTCM/AA_BP_ProjecteMotors/Content/Models/Buildings/texteur/iron.jpg)
[2020.02.02-23.12.59:918][531]LogEditorFactories: -- imported successfully
[2020.02.02-23.12.59:951][532]LogEditorFactories: Performing atomic reimport of [C:/Users/pbrun/OneDrive/Documents/GitHub/unrealmotorsTCM/AA_BP_ProjecteMotors/Content/Models/Buildings/texteur/store.png]
[2020.02.02-23.12.59:952][532]LogFactory: FactoryCreateFile: Texture2D with ReimportTextureFactory (0 0 C:/Users/pbrun/OneDrive/Documents/GitHub/unrealmotorsTCM/AA_BP_ProjecteMotors/Content/Models/Buildings/texteur/store.png)
[2020.02.02-23.12.59:961][532]LogEditorFactories: -- imported successfully
[2020.02.02-23.13.00:017][533]LogEditorFactories: Performing atomic reimport of [C:/Users/pbrun/OneDrive/Documents/GitHub/unrealmotorsTCM/AA_BP_ProjecteMotors/Content/Models/Buildings/texteur/storeNM.png]
[2020.02.02-23.13.00:017][533]LogFactory: FactoryCreateFile: Texture2D with ReimportTextureFactory (0 0 C:/Users/pbrun/OneDrive/Documents/GitHub/unrealmotorsTCM/AA_BP_ProjecteMotors/Content/Models/Buildings/texteur/storeNM.png)
[2020.02.02-23.13.00:027][533]LogEditorFactories: -- imported successfully
[2020.02.02-23.13.00:050][534]LogEditorFactories: Performing atomic reimport of [C:/Users/pbrun/OneDrive/Documents/GitHub/unrealmotorsTCM/AA_BP_ProjecteMotors/Content/Models/Buildings/texteur/top.jpg]
[2020.02.02-23.13.00:051][534]LogFactory: FactoryCreateFile: Texture2D with ReimportTextureFactory (0 0 C:/Users/pbrun/OneDrive/Documents/GitHub/unrealmotorsTCM/AA_BP_ProjecteMotors/Content/Models/Buildings/texteur/top.jpg)
[2020.02.02-23.13.00:094][534]LogEditorFactories: -- imported successfully
[2020.02.02-23.13.00:114][535]LogEditorFactories: Performing atomic reimport of [C:/Users/pbrun/OneDrive/Documents/GitHub/unrealmotorsTCM/AA_BP_ProjecteMotors/Content/Models/Buildings/texteur/topNM.jpg]
[2020.02.02-23.13.00:115][535]LogFactory: FactoryCreateFile: Texture2D with ReimportTextureFactory (0 0 C:/Users/pbrun/OneDrive/Documents/GitHub/unrealmotorsTCM/AA_BP_ProjecteMotors/Content/Models/Buildings/texteur/topNM.jpg)
[2020.02.02-23.13.00:159][535]LogEditorFactories: -- imported successfully
[2020.02.02-23.13.00:171][536]LogEditorFactories: Performing atomic reimport of [C:/Users/pbrun/OneDrive/Documents/GitHub/unrealmotorsTCM/AA_BP_ProjecteMotors/Content/Models/Buildings/texteur/w2.png]
[2020.02.02-23.13.00:172][536]LogFactory: FactoryCreateFile: Texture2D with ReimportTextureFactory (0 0 C:/Users/pbrun/OneDrive/Documents/GitHub/unrealmotorsTCM/AA_BP_ProjecteMotors/Content/Models/Buildings/texteur/w2.png)
[2020.02.02-23.13.00:417][536]LogEditorFactories: -- imported successfully
[2020.02.02-23.13.00:433][537]LogEditorFactories: Performing atomic reimport of [C:/Users/pbrun/OneDrive/Documents/GitHub/unrealmotorsTCM/AA_BP_ProjecteMotors/Content/Models/Buildings/texteur/w2NM.png]
[2020.02.02-23.13.00:434][537]LogFactory: FactoryCreateFile: Texture2D with ReimportTextureFactory (0 0 C:/Users/pbrun/OneDrive/Documents/GitHub/unrealmotorsTCM/AA_BP_ProjecteMotors/Content/Models/Buildings/texteur/w2NM.png)
[2020.02.02-23.13.00:457][537]LogEditorFactories: -- imported successfully
[2020.02.02-23.13.00:532][538]LogEditorFactories: Performing atomic reimport of [C:/Users/pbrun/OneDrive/Documents/GitHub/unrealmotorsTCM/AA_BP_ProjecteMotors/Content/Models/Buildings/texteur/wf.jpg]
[2020.02.02-23.13.00:533][538]LogFactory: FactoryCreateFile: Texture2D with ReimportTextureFactory (0 0 C:/Users/pbrun/OneDrive/Documents/GitHub/unrealmotorsTCM/AA_BP_ProjecteMotors/Content/Models/Buildings/texteur/wf.jpg)
[2020.02.02-23.13.00:628][538]LogEditorFactories: -- imported successfully
[2020.02.02-23.13.00:653][539]LogEditorFactories: Performing atomic reimport of [C:/Users/pbrun/OneDrive/Documents/GitHub/unrealmotorsTCM/AA_BP_ProjecteMotors/Content/Models/Buildings/texteur/window1.jpg]
[2020.02.02-23.13.00:654][539]LogFactory: FactoryCreateFile: Texture2D with ReimportTextureFactory (0 0 C:/Users/pbrun/OneDrive/Documents/GitHub/unrealmotorsTCM/AA_BP_ProjecteMotors/Content/Models/Buildings/texteur/window1.jpg)
[2020.02.02-23.13.00:668][539]LogEditorFactories: -- imported successfully
[2020.02.02-23.13.00:742][540]LogEditorFactories: Performing atomic reimport of [C:/Users/pbrun/OneDrive/Documents/GitHub/unrealmotorsTCM/AA_BP_ProjecteMotors/Content/Models/Buildings/texteur/window2.png]
[2020.02.02-23.13.00:746][540]LogFactory: FactoryCreateFile: Texture2D with ReimportTextureFactory (0 0 C:/Users/pbrun/OneDrive/Documents/GitHub/unrealmotorsTCM/AA_BP_ProjecteMotors/Content/Models/Buildings/texteur/window2.png)
[2020.02.02-23.13.00:884][540]LogEditorFactories: -- imported successfully
[2020.02.02-23.13.00:914][541]LogEditorFactories: Performing atomic reimport of [C:/Users/pbrun/OneDrive/Documents/GitHub/unrealmotorsTCM/AA_BP_ProjecteMotors/Content/Models/Buildings/texteur/window3.png]
[2020.02.02-23.13.00:914][541]LogFactory: FactoryCreateFile: Texture2D with ReimportTextureFactory (0 0 C:/Users/pbrun/OneDrive/Documents/GitHub/unrealmotorsTCM/AA_BP_ProjecteMotors/Content/Models/Buildings/texteur/window3.png)
[2020.02.02-23.13.00:972][541]LogEditorFactories: -- imported successfully
[2020.02.02-23.13.01:044][542]Cmd: OBJ SAVEPACKAGE PACKAGE="/Game/Models/Buildings/texteur/AC" FILE="C:/Users/pbrun/OneDrive/Documents/GitHub/unrealmotorsTCM/AA_BP_ProjecteMotors/Content/Models/Buildings/texteur/AC.uasset" SILENT=true
[2020.02.02-23.13.01:681][542]LogSavePackage: Moving 'C:/Users/pbrun/OneDrive/Documents/GitHub/unrealmotorsTCM/AA_BP_ProjecteMotors/Saved/AC5064670C4F8BD3222C129C8A053D2206.tmp' to 'C:/Users/pbrun/OneDrive/Documents/GitHub/unrealmotorsTCM/AA_BP_ProjecteMotors/Content/Models/Buildings/texteur/AC.uasset'
[2020.02.02-23.13.02:779][542]LogSavePackage: Moving 'C:/Users/pbrun/OneDrive/Documents/GitHub/unrealmotorsTCM/AA_BP_ProjecteMotors/Saved/brackAE506CC34CC7FDE9289FD284C8F177FC.tmp' to 'C:/Users/pbrun/OneDrive/Documents/GitHub/unrealmotorsTCM/AA_BP_ProjecteMotors/Content/Models/Buildings/texteur/brack.uasset'
[2020.02.02-23.13.03:368][542]LogSavePackage: Moving 'C:/Users/pbrun/OneDrive/Documents/GitHub/unrealmotorsTCM/AA_BP_ProjecteMotors/Saved/brackNMBB3D35CC4F16C67E378E889989065514.tmp' to 'C:/Users/pbrun/OneDrive/Documents/GitHub/unrealmotorsTCM/AA_BP_ProjecteMotors/Content/Models/Buildings/texteur/brackNM.uasset'
[2020.02.02-23.13.03:481][542]LogSavePackage: Moving 'C:/Users/pbrun/OneDrive/Documents/GitHub/unrealmotorsTCM/AA_BP_ProjecteMotors/Saved/door89EF964F47AABBD17547E993DB15E946.tmp' to 'C:/Users/pbrun/OneDrive/Documents/GitHub/unrealmotorsTCM/AA_BP_ProjecteMotors/Content/Models/Buildings/texteur/door.uasset'
[2020.02.02-23.13.03:532][542]LogSavePackage: Moving 'C:/Users/pbrun/OneDrive/Documents/GitHub/unrealmotorsTCM/AA_BP_ProjecteMotors/Saved/door269ABD1174FDD21A6979B9FA675611C3D.tmp' to 'C:/Users/pbrun/OneDrive/Documents/GitHub/unrealmotorsTCM/AA_BP_ProjecteMotors/Content/Models/Buildings/texteur/door2.uasset'
[2020.02.02-23.13.03:556][542]LogSavePackage: Moving 'C:/Users/pbrun/OneDrive/Documents/GitHub/unrealmotorsTCM/AA_BP_ProjecteMotors/Saved/ironE11D3F7B49A3ABE9DE41638E416668AC.tmp' to 'C:/Users/pbrun/OneDrive/Documents/GitHub/unrealmotorsTCM/AA_BP_ProjecteMotors/Content/Models/Buildings/texteur/iron.uasset'
[2020.02.02-23.13.03:597][542]LogSavePackage: Moving 'C:/Users/pbrun/OneDrive/Documents/GitHub/unrealmotorsTCM/AA_BP_ProjecteMotors/Saved/storeA1676860444D17A6A6C1F4B3577BE6BC.tmp' to 'C:/Users/pbrun/OneDrive/Documents/GitHub/unrealmotorsTCM/AA_BP_ProjecteMotors/Content/Models/Buildings/texteur/store.uasset'
[2020.02.02-23.13.03:644][542]LogSavePackage: Moving 'C:/Users/pbrun/OneDrive/Documents/GitHub/unrealmotorsTCM/AA_BP_ProjecteMotors/Saved/storeNMC41AF1FD44206E70477A99AD91279BE4.tmp' to 'C:/Users/pbrun/OneDrive/Documents/GitHub/unrealmotorsTCM/AA_BP_ProjecteMotors/Content/Models/Buildings/texteur/storeNM.uasset'
[2020.02.02-23.13.03:701][542]LogSavePackage: Moving 'C:/Users/pbrun/OneDrive/Documents/GitHub/unrealmotorsTCM/AA_BP_ProjecteMotors/Saved/topFE75EF2745726683B0AADEA00CEB7E4B.tmp' to 'C:/Users/pbrun/OneDrive/Documents/GitHub/unrealmotorsTCM/AA_BP_ProjecteMotors/Content/Models/Buildings/texteur/top.uasset'
[2020.02.02-23.13.03:798][542]LogSavePackage: Moving 'C:/Users/pbrun/OneDrive/Documents/GitHub/unrealmotorsTCM/AA_BP_ProjecteMotors/Saved/topNM61B64A4E4AF1B62CD58E398D6D4D7AE2.tmp' to 'C:/Users/pbrun/OneDrive/Documents/GitHub/unrealmotorsTCM/AA_BP_ProjecteMotors/Content/Models/Buildings/texteur/topNM.uasset'
[2020.02.02-23.13.03:807][542]Cmd: OBJ SAVEPACKAGE PACKAGE="/Game/Models/Buildings/texteur/w2" FILE="C:/Users/pbrun/OneDrive/Documents/GitHub/unrealmotorsTCM/AA_BP_ProjecteMotors/Content/Models/Buildings/texteur/w2.uasset" SILENT=true
[2020.02.02-23.13.03:861][542]LogSavePackage: Moving 'C:/Users/pbrun/OneDrive/Documents/GitHub/unrealmotorsTCM/AA_BP_ProjecteMotors/Saved/w256DF01CB4CB00A346F803381E7CC884F.tmp' to 'C:/Users/pbrun/OneDrive/Documents/GitHub/unrealmotorsTCM/AA_BP_ProjecteMotors/Content/Models/Buildings/texteur/w2.uasset'
[2020.02.02-23.13.03:925][542]LogSavePackage: Moving 'C:/Users/pbrun/OneDrive/Documents/GitHub/unrealmotorsTCM/AA_BP_ProjecteMotors/Saved/w2NM9190874143BF42DFC11E4496267D7816.tmp' to 'C:/Users/pbrun/OneDrive/Documents/GitHub/unrealmotorsTCM/AA_BP_ProjecteMotors/Content/Models/Buildings/texteur/w2NM.uasset'
[2020.02.02-23.13.03:933][542]Cmd: OBJ SAVEPACKAGE PACKAGE="/Game/Models/Buildings/texteur/wf" FILE="C:/Users/pbrun/OneDrive/Documents/GitHub/unrealmotorsTCM/AA_BP_ProjecteMotors/Content/Models/Buildings/texteur/wf.uasset" SILENT=true
[2020.02.02-23.13.04:091][542]LogSavePackage: Moving 'C:/Users/pbrun/OneDrive/Documents/GitHub/unrealmotorsTCM/AA_BP_ProjecteMotors/Saved/wf9CBA295E453E43D266DB628B867A79D6.tmp' to 'C:/Users/pbrun/OneDrive/Documents/GitHub/unrealmotorsTCM/AA_BP_ProjecteMotors/Content/Models/Buildings/texteur/wf.uasset'
[2020.02.02-23.13.04:139][542]LogSavePackage: Moving 'C:/Users/pbrun/OneDrive/Documents/GitHub/unrealmotorsTCM/AA_BP_ProjecteMotors/Saved/window13779DACB465FA9AD10696B8ED42493D0.tmp' to 'C:/Users/pbrun/OneDrive/Documents/GitHub/unrealmotorsTCM/AA_BP_ProjecteMotors/Content/Models/Buildings/texteur/window1.uasset'
[2020.02.02-23.13.04:439][542]LogSavePackage: Moving 'C:/Users/pbrun/OneDrive/Documents/GitHub/unrealmotorsTCM/AA_BP_ProjecteMotors/Saved/window2420BC998402E198FBBD497874D775A72.tmp' to 'C:/Users/pbrun/OneDrive/Documents/GitHub/unrealmotorsTCM/AA_BP_ProjecteMotors/Content/Models/Buildings/texteur/window2.uasset'
[2020.02.02-23.13.04:482][542]LogSavePackage: Moving 'C:/Users/pbrun/OneDrive/Documents/GitHub/unrealmotorsTCM/AA_BP_ProjecteMotors/Saved/window3B75BC162417A9197F7E935B328157DFB.tmp' to 'C:/Users/pbrun/OneDrive/Documents/GitHub/unrealmotorsTCM/AA_BP_ProjecteMotors/Content/Models/Buildings/texteur/window3.uasset'
[2020.02.02-23.13.04:658][543]AssetCheck: New page: Asset Save: multiple assets
[2020.02.02-23.13.04:659][543]LogContentValidation: Display: Validating Texture2D /Game/Models/Buildings/texteur/AC.AC
[2020.02.02-23.13.04:659][543]LogContentValidation: Display: Validating Texture2D /Game/Models/Buildings/texteur/brack.brack
[2020.02.02-23.13.04:659][543]LogContentValidation: Display: Validating Texture2D /Game/Models/Buildings/texteur/brackNM.brackNM
[2020.02.02-23.13.04:659][543]LogContentValidation: Display: Validating Texture2D /Game/Models/Buildings/texteur/door.door
[2020.02.02-23.13.04:659][543]LogContentValidation: Display: Validating Texture2D /Game/Models/Buildings/texteur/door2.door2
[2020.02.02-23.13.04:659][543]LogContentValidation: Display: Validating Texture2D /Game/Models/Buildings/texteur/iron.iron
[2020.02.02-23.13.04:659][543]LogContentValidation: Display: Validating Texture2D /Game/Models/Buildings/texteur/store.store
[2020.02.02-23.13.04:659][543]LogContentValidation: Display: Validating Texture2D /Game/Models/Buildings/texteur/storeNM.storeNM
[2020.02.02-23.13.04:659][543]LogContentValidation: Display: Validating Texture2D /Game/Models/Buildings/texteur/top.top
[2020.02.02-23.13.04:659][543]LogContentValidation: Display: Validating Texture2D /Game/Models/Buildings/texteur/topNM.topNM
[2020.02.02-23.13.04:659][543]LogContentValidation: Display: Validating Texture2D /Game/Models/Buildings/texteur/w2.w2
[2020.02.02-23.13.04:659][543]LogContentValidation: Display: Validating Texture2D /Game/Models/Buildings/texteur/w2NM.w2NM
[2020.02.02-23.13.04:659][543]LogContentValidation: Display: Validating Texture2D /Game/Models/Buildings/texteur/wf.wf
[2020.02.02-23.13.04:659][543]LogContentValidation: Display: Validating Texture2D /Game/Models/Buildings/texteur/window1.window1
[2020.02.02-23.13.04:659][543]LogContentValidation: Display: Validating Texture2D /Game/Models/Buildings/texteur/window2.window2
[2020.02.02-23.13.04:659][543]LogContentValidation: Display: Validating Texture2D /Game/Models/Buildings/texteur/window3.window3
[2020.02.02-23.13.05:962][607]LogSlate: Window 'Message Log' being destroyed
[2020.02.02-23.13.05:977][607]LogSlate: Window 'Message Log' being destroyed
[2020.02.02-23.13.07:514][675]AssetReimport: Reimported asset building from C:/Users/pbrun/OneDrive/Documents/GitHub/unrealmotorsTCM/AA_BP_ProjecteMotors/Content/Models/Buildings/building.obj.
[2020.02.02-23.13.07:514][675]AssetReimport: Reimported asset AC from C:/Users/pbrun/OneDrive/Documents/GitHub/unrealmotorsTCM/AA_BP_ProjecteMotors/Content/Models/Buildings/texteur/AC.jpg.
[2020.02.02-23.13.07:514][675]AssetReimport: Reimported asset brack from C:/Users/pbrun/OneDrive/Documents/GitHub/unrealmotorsTCM/AA_BP_ProjecteMotors/Content/Models/Buildings/texteur/brack.jpg.
[2020.02.02-23.13.07:514][675]AssetReimport: Reimported asset brackNM from C:/Users/pbrun/OneDrive/Documents/GitHub/unrealmotorsTCM/AA_BP_ProjecteMotors/Content/Models/Buildings/texteur/brackNM.jpg.
[2020.02.02-23.13.07:514][675]AssetReimport: Reimported asset door from C:/Users/pbrun/OneDrive/Documents/GitHub/unrealmotorsTCM/AA_BP_ProjecteMotors/Content/Models/Buildings/texteur/door.png.
[2020.02.02-23.13.07:514][675]AssetReimport: Reimported asset door2 from C:/Users/pbrun/OneDrive/Documents/GitHub/unrealmotorsTCM/AA_BP_ProjecteMotors/Content/Models/Buildings/texteur/door2.png.
[2020.02.02-23.13.07:514][675]AssetReimport: Reimported asset iron from C:/Users/pbrun/OneDrive/Documents/GitHub/unrealmotorsTCM/AA_BP_ProjecteMotors/Content/Models/Buildings/texteur/iron.jpg.
[2020.02.02-23.13.07:514][675]AssetReimport: Reimported asset store from C:/Users/pbrun/OneDrive/Documents/GitHub/unrealmotorsTCM/AA_BP_ProjecteMotors/Content/Models/Buildings/texteur/store.png.
[2020.02.02-23.13.07:514][675]AssetReimport: Reimported asset storeNM from C:/Users/pbrun/OneDrive/Documents/GitHub/unrealmotorsTCM/AA_BP_ProjecteMotors/Content/Models/Buildings/texteur/storeNM.png.
[2020.02.02-23.13.07:514][675]AssetReimport: Reimported asset top from C:/Users/pbrun/OneDrive/Documents/GitHub/unrealmotorsTCM/AA_BP_ProjecteMotors/Content/Models/Buildings/texteur/top.jpg.
[2020.02.02-23.13.07:514][675]AssetReimport: Reimported asset topNM from C:/Users/pbrun/OneDrive/Documents/GitHub/unrealmotorsTCM/AA_BP_ProjecteMotors/Content/Models/Buildings/texteur/topNM.jpg.
[2020.02.02-23.13.07:514][675]AssetReimport: Reimported asset w2 from C:/Users/pbrun/OneDrive/Documents/GitHub/unrealmotorsTCM/AA_BP_ProjecteMotors/Content/Models/Buildings/texteur/w2.png.
[2020.02.02-23.13.07:514][675]AssetReimport: Reimported asset w2NM from C:/Users/pbrun/OneDrive/Documents/GitHub/unrealmotorsTCM/AA_BP_ProjecteMotors/Content/Models/Buildings/texteur/w2NM.png.
[2020.02.02-23.13.07:514][675]AssetReimport: Reimported asset wf from C:/Users/pbrun/OneDrive/Documents/GitHub/unrealmotorsTCM/AA_BP_ProjecteMotors/Content/Models/Buildings/texteur/wf.jpg.
[2020.02.02-23.13.07:514][675]AssetReimport: Reimported asset window1 from C:/Users/pbrun/OneDrive/Documents/GitHub/unrealmotorsTCM/AA_BP_ProjecteMotors/Content/Models/Buildings/texteur/window1.jpg.
[2020.02.02-23.13.07:515][675]AssetReimport: Reimported asset window2 from C:/Users/pbrun/OneDrive/Documents/GitHub/unrealmotorsTCM/AA_BP_ProjecteMotors/Content/Models/Buildings/texteur/window2.png.
[2020.02.02-23.13.07:515][675]AssetReimport: Reimported asset window3 from C:/Users/pbrun/OneDrive/Documents/GitHub/unrealmotorsTCM/AA_BP_ProjecteMotors/Content/Models/Buildings/texteur/window3.png.
[2020.02.02-23.13.08:207][708]LogAssetEditorSubsystem: Opening Asset editor for LevelScriptBlueprint /Game/ThirdPersonBP/Maps/ThirdPersonExampleMap.ThirdPersonExampleMap:PersistentLevel.ThirdPersonExampleMap
[2020.02.02-23.13.08:369][708]LogContentBrowser: Native class hierarchy updated for 'BlueprintGraph' in 0.0005 seconds. Added 121 classes and 0 folders.
[2020.02.02-23.13.09:312][708]LogSlate: Took 0.000324 seconds to synchronously load lazily loaded font '../../../Engine/Content/Slate/Fonts/Roboto-BoldCondensed.ttf' (158K)
[2020.02.02-23.13.09:391][709]LogSlate: Took 0.000297 seconds to synchronously load lazily loaded font '../../../Engine/Content/Slate/Fonts/Roboto-Italic.ttf' (157K)
[2020.02.02-23.13.14:693][964]LogWorld: UWorld::CleanupWorld for World_8, bSessionEnded=true, bCleanupResources=true
[2020.02.02-23.13.14:694][964]LogSlate: InvalidateAllWidgets triggered.  All widgets were invalidated
[2020.02.02-23.13.19:390][110]LogAIModule: Creating AISystem for world Landscape
[2020.02.02-23.13.19:524][110]LogAssetEditorSubsystem: Opening Asset editor for World /Game/ThirdPersonBP/Maps/Landscape.Landscape
[2020.02.02-23.13.19:573][110]LogUObjectHash: Compacting FUObjectHashTables data took   4.21ms
[2020.02.02-23.13.21:435][110]LogSlate: Window 'Save Content' being destroyed
[2020.02.02-23.13.21:505][110]Cmd: OBJ SAVEPACKAGE PACKAGE="/Game/Models/Buildings/building" FILE="C:/Users/pbrun/OneDrive/Documents/GitHub/unrealmotorsTCM/AA_BP_ProjecteMotors/Content/Models/Buildings/building.uasset" SILENT=true
[2020.02.02-23.13.21:823][110]LogSavePackage: Moving 'C:/Users/pbrun/OneDrive/Documents/GitHub/unrealmotorsTCM/AA_BP_ProjecteMotors/Saved/building210023A0498925722798EC9B2E9A1869.tmp' to 'C:/Users/pbrun/OneDrive/Documents/GitHub/unrealmotorsTCM/AA_BP_ProjecteMotors/Content/Models/Buildings/building.uasset'
[2020.02.02-23.13.21:826][110]Cmd: MAP LOAD FILE="C:/Users/pbrun/OneDrive/Documents/GitHub/unrealmotorsTCM/AA_BP_ProjecteMotors/Content/ThirdPersonBP/Maps/Landscape.umap" TEMPLATE=0 SHOWPROGRESS=1 FEATURELEVEL=3
[2020.02.02-23.13.21:826][110]LightingResults: New page: Lighting Build
[2020.02.02-23.13.21:826][110]LoadErrors: New page: Loading map: Landscape.umap
[2020.02.02-23.13.21:827][110]LogWorld: UWorld::CleanupWorld for ThirdPersonExampleMap, bSessionEnded=true, bCleanupResources=true
[2020.02.02-23.13.21:827][110]LogSlate: InvalidateAllWidgets triggered.  All widgets were invalidated
[2020.02.02-23.13.21:827][110]MapCheck: New page: Map Check
[2020.02.02-23.13.21:827][110]LightingResults: New page: Lighting Build
[2020.02.02-23.13.21:874][110]LogUObjectHash: Compacting FUObjectHashTables data took   3.85ms
[2020.02.02-23.13.22:190][110]LogEditorServer: Finished looking for orphan Actors (0.000 secs)
[2020.02.02-23.13.22:238][110]LogUObjectHash: Compacting FUObjectHashTables data took   4.95ms
[2020.02.02-23.13.22:257][110]Cmd: MAP CHECKDEP NOCLEARLOG
[2020.02.02-23.13.22:258][110]MapCheck: Map check complete: 0 Error(s), 0 Warning(s), took 0.411ms to complete.
[2020.02.02-23.13.22:258][110]LogFileHelpers: Loading map 'Landscape' took 0.432
[2020.02.02-23.13.22:325][110]AssetCheck: New page: Asset Save: building
[2020.02.02-23.13.22:325][110]LogContentValidation: Display: Validating StaticMesh /Game/Models/Buildings/building.building
[2020.02.02-23.13.47:325][260]Cmd: SELECT NONE
[2020.02.02-23.13.51:059][421]LogUObjectHash: Compacting FUObjectHashTables data took   3.79ms
